TN:
SF:controllers/cms/auth/auth_controller.js
FN:11,(anonymous_0)
FN:59,(anonymous_1)
FN:69,(anonymous_2)
FNF:3
FNH:0
FNDA:0,(anonymous_0)
FNDA:0,(anonymous_1)
FNDA:0,(anonymous_2)
DA:1,0
DA:2,0
DA:3,0
DA:4,0
DA:5,0
DA:6,0
DA:7,0
DA:8,0
DA:9,0
DA:11,0
DA:12,0
DA:13,0
DA:14,0
DA:15,0
DA:18,0
DA:19,0
DA:24,0
DA:25,0
DA:26,0
DA:31,0
DA:32,0
DA:38,0
DA:39,0
DA:41,0
DA:48,0
DA:54,0
DA:55,0
DA:59,0
DA:60,0
DA:61,0
DA:62,0
DA:64,0
DA:65,0
DA:69,0
DA:70,0
DA:71,0
DA:72,0
DA:73,0
DA:75,0
DA:76,0
DA:79,0
LF:41
LH:0
BRDA:18,0,0,0
BRDA:18,0,1,0
BRDA:25,1,0,0
BRDA:25,1,1,0
BRDA:31,2,0,0
BRDA:31,2,1,0
BRDA:38,3,0,0
BRDA:38,3,1,0
BRF:8
BRH:0
end_of_record
TN:
SF:controllers/cms/auth/grade_user_assignment.js
FN:10,(anonymous_0)
FN:17,(anonymous_1)
FN:40,(anonymous_2)
FN:93,(anonymous_3)
FN:109,(anonymous_4)
FN:132,(anonymous_5)
FN:147,(anonymous_6)
FNF:7
FNH:0
FNDA:0,(anonymous_0)
FNDA:0,(anonymous_1)
FNDA:0,(anonymous_2)
FNDA:0,(anonymous_3)
FNDA:0,(anonymous_4)
FNDA:0,(anonymous_5)
FNDA:0,(anonymous_6)
DA:3,0
DA:4,0
DA:5,0
DA:6,0
DA:7,0
DA:10,0
DA:11,0
DA:12,0
DA:13,0
DA:14,0
DA:16,0
DA:17,0
DA:18,0
DA:19,0
DA:20,0
DA:21,0
DA:26,0
DA:33,0
DA:35,0
DA:40,0
DA:41,0
DA:43,0
DA:46,0
DA:47,0
DA:48,0
DA:50,0
DA:51,0
DA:63,0
DA:64,0
DA:66,0
DA:74,0
DA:75,0
DA:77,0
DA:88,0
DA:93,0
DA:94,0
DA:95,0
DA:96,0
DA:98,0
DA:99,0
DA:102,0
DA:104,0
DA:109,0
DA:110,0
DA:111,0
DA:112,0
DA:114,0
DA:116,0
DA:117,0
DA:120,0
DA:121,0
DA:122,0
DA:124,0
DA:125,0
DA:127,0
DA:132,0
DA:133,0
DA:134,0
DA:136,0
DA:138,0
DA:139,0
DA:142,0
DA:144,0
DA:147,0
DA:148,0
DA:150,0
DA:153,0
DA:157,0
DA:159,0
DA:163,0
LF:70
LH:0
BRDA:13,0,0,0
BRDA:13,0,1,0
BRDA:18,1,0,0
BRDA:18,1,1,0
BRDA:20,2,0,0
BRDA:20,2,1,0
BRDA:43,3,0,0
BRDA:43,4,0,0
BRDA:47,5,0,0
BRDA:47,5,1,0
BRDA:50,6,0,0
BRDA:50,6,1,0
BRDA:98,7,0,0
BRDA:98,7,1,0
BRDA:116,8,0,0
BRDA:116,8,1,0
BRDA:120,9,0,0
BRDA:120,9,1,0
BRDA:121,10,0,0
BRDA:121,10,1,0
BRDA:122,11,0,0
BRDA:122,11,1,0
BRDA:138,12,0,0
BRDA:138,12,1,0
BRF:24
BRH:0
end_of_record
TN:
SF:controllers/cms/auth/roles.js
FN:12,(anonymous_0)
FN:31,(anonymous_1)
FN:71,(anonymous_2)
FN:91,(anonymous_3)
FN:112,(anonymous_4)
FNF:5
FNH:0
FNDA:0,(anonymous_0)
FNDA:0,(anonymous_1)
FNDA:0,(anonymous_2)
FNDA:0,(anonymous_3)
FNDA:0,(anonymous_4)
DA:1,0
DA:2,0
DA:3,0
DA:4,0
DA:5,0
DA:6,0
DA:7,0
DA:9,0
DA:13,0
DA:14,0
DA:15,0
DA:18,0
DA:19,0
DA:20,0
DA:21,0
DA:22,0
DA:24,0
DA:31,0
DA:32,0
DA:33,0
DA:34,0
DA:36,0
DA:38,0
DA:40,0
DA:43,0
DA:44,0
DA:45,0
DA:47,0
DA:49,0
DA:66,0
DA:71,0
DA:72,0
DA:73,0
DA:74,0
DA:75,0
DA:76,0
DA:78,0
DA:79,0
DA:81,0
DA:86,0
DA:91,0
DA:92,0
DA:93,0
DA:94,0
DA:97,0
DA:98,0
DA:99,0
DA:100,0
DA:101,0
DA:102,0
DA:104,0
DA:106,0
DA:107,0
DA:112,0
DA:113,0
DA:114,0
DA:115,0
DA:116,0
DA:117,0
DA:119,0
DA:121,0
DA:125,0
LF:62
LH:0
BRDA:14,0,0,0
BRDA:14,0,1,0
BRDA:33,1,0,0
BRDA:33,1,1,0
BRDA:34,2,0,0
BRDA:34,2,1,0
BRDA:36,3,0,0
BRDA:36,3,1,0
BRDA:76,4,0,0
BRDA:76,4,1,0
BRDA:76,5,0,0
BRDA:76,5,1,0
BRDA:78,6,0,0
BRDA:78,6,1,0
BRDA:93,7,0,0
BRDA:93,7,1,0
BRDA:101,8,0,0
BRDA:101,8,1,0
BRDA:116,9,0,0
BRDA:116,9,1,0
BRF:20
BRH:0
end_of_record
TN:
SF:controllers/cms/auth/users_controller.js
FN:12,(anonymous_0)
FN:30,(anonymous_1)
FN:61,(anonymous_2)
FN:86,(anonymous_3)
FN:110,(anonymous_4)
FN:132,(anonymous_5)
FN:155,(anonymous_6)
FN:171,(anonymous_7)
FN:187,(anonymous_8)
FN:200,(anonymous_9)
FNF:10
FNH:0
FNDA:0,(anonymous_0)
FNDA:0,(anonymous_1)
FNDA:0,(anonymous_2)
FNDA:0,(anonymous_3)
FNDA:0,(anonymous_4)
FNDA:0,(anonymous_5)
FNDA:0,(anonymous_6)
FNDA:0,(anonymous_7)
FNDA:0,(anonymous_8)
FNDA:0,(anonymous_9)
DA:1,0
DA:2,0
DA:3,0
DA:4,0
DA:5,0
DA:6,0
DA:7,0
DA:8,0
DA:9,0
DA:10,0
DA:11,0
DA:12,0
DA:13,0
DA:14,0
DA:15,0
DA:21,0
DA:22,0
DA:24,0
DA:25,0
DA:28,0
DA:30,0
DA:31,0
DA:32,0
DA:33,0
DA:34,0
DA:36,0
DA:37,0
DA:39,0
DA:41,0
DA:42,0
DA:44,0
DA:56,0
DA:57,0
DA:61,0
DA:62,0
DA:63,0
DA:65,0
DA:67,0
DA:68,0
DA:74,0
DA:80,0
DA:81,0
DA:86,0
DA:87,0
DA:88,0
DA:89,0
DA:91,0
DA:100,0
DA:106,0
DA:107,0
DA:110,0
DA:111,0
DA:112,0
DA:114,0
DA:122,0
DA:128,0
DA:129,0
DA:132,0
DA:133,0
DA:134,0
DA:136,0
DA:144,0
DA:150,0
DA:151,0
DA:155,0
DA:156,0
DA:158,0
DA:159,0
DA:160,0
DA:165,0
DA:166,0
DA:168,0
DA:171,0
DA:172,0
DA:174,0
DA:175,0
DA:180,0
DA:181,0
DA:183,0
DA:187,0
DA:188,0
DA:189,0
DA:190,0
DA:191,0
DA:192,0
DA:193,0
DA:194,0
DA:199,0
DA:200,0
DA:202,0
DA:203,0
DA:205,0
DA:206,0
DA:207,0
DA:209,0
DA:211,0
LF:96
LH:0
BRDA:21,0,0,0
BRDA:21,0,1,0
BRDA:32,1,0,0
BRDA:32,1,1,0
BRDA:33,2,0,0
BRDA:33,2,1,0
BRDA:36,3,0,0
BRDA:36,3,1,0
BRDA:67,4,0,0
BRDA:67,4,1,0
BRDA:165,5,0,0
BRDA:165,5,1,0
BRDA:180,6,0,0
BRDA:180,6,1,0
BRDA:193,7,0,0
BRDA:193,7,1,0
BRDA:200,8,0,0
BRDA:200,8,1,0
BRDA:202,9,0,0
BRDA:202,9,1,0
BRF:20
BRH:0
end_of_record
TN:
SF:controllers/cms/content/LessonController.js
FN:6,(anonymous_0)
FN:34,(anonymous_1)
FN:45,(anonymous_2)
FN:55,(anonymous_3)
FN:66,(anonymous_4)
FNF:5
FNH:0
FNDA:0,(anonymous_0)
FNDA:0,(anonymous_1)
FNDA:0,(anonymous_2)
FNDA:0,(anonymous_3)
FNDA:0,(anonymous_4)
DA:1,0
DA:2,0
DA:3,0
DA:6,0
DA:7,0
DA:8,0
DA:9,0
DA:10,0
DA:12,0
DA:13,0
DA:19,0
DA:29,0
DA:34,0
DA:35,0
DA:36,0
DA:37,0
DA:38,0
DA:40,0
DA:45,0
DA:46,0
DA:47,0
DA:48,0
DA:50,0
DA:55,0
DA:56,0
DA:57,0
DA:58,0
DA:59,0
DA:61,0
DA:66,0
DA:67,0
DA:68,0
DA:69,0
DA:70,0
DA:72,0
DA:76,0
LF:36
LH:0
BRDA:8,0,0,0
BRDA:8,1,0,0
BRDA:10,2,0,0
BRDA:10,2,1,0
BRDA:37,3,0,0
BRDA:37,3,1,0
BRDA:58,4,0,0
BRDA:58,4,1,0
BRDA:69,5,0,0
BRDA:69,5,1,0
BRF:10
BRH:0
end_of_record
TN:
SF:controllers/cms/content/MasterController.js
FN:32,(anonymous_0)
FN:53,(anonymous_1)
FNF:2
FNH:0
FNDA:0,(anonymous_0)
FNDA:0,(anonymous_1)
DA:1,0
DA:2,0
DA:3,0
DA:4,0
DA:5,0
DA:8,0
DA:33,0
DA:34,0
DA:35,0
DA:37,0
DA:53,0
DA:54,0
DA:55,0
DA:56,0
DA:57,0
DA:58,0
DA:60,0
DA:62,0
DA:91,0
LF:19
LH:0
BRDA:34,0,0,0
BRDA:34,0,1,0
BRDA:57,1,0,0
BRDA:57,1,1,0
BRF:4
BRH:0
end_of_record
TN:
SF:controllers/cms/content/PackagesController.js
FN:12,(anonymous_0)
FN:26,(anonymous_1)
FN:36,(anonymous_2)
FN:46,(anonymous_3)
FN:60,(anonymous_4)
FN:72,(anonymous_5)
FN:83,(anonymous_6)
FNF:7
FNH:0
FNDA:0,(anonymous_0)
FNDA:0,(anonymous_1)
FNDA:0,(anonymous_2)
FNDA:0,(anonymous_3)
FNDA:0,(anonymous_4)
FNDA:0,(anonymous_5)
FNDA:0,(anonymous_6)
DA:1,0
DA:2,0
DA:3,0
DA:4,0
DA:5,0
DA:8,0
DA:13,0
DA:15,0
DA:16,0
DA:27,0
DA:28,0
DA:29,0
DA:31,0
DA:36,0
DA:37,0
DA:38,0
DA:39,0
DA:40,0
DA:42,0
DA:46,0
DA:47,0
DA:48,0
DA:49,0
DA:50,0
DA:51,0
DA:53,0
DA:55,0
DA:60,0
DA:61,0
DA:62,0
DA:63,0
DA:64,0
DA:65,0
DA:67,0
DA:72,0
DA:73,0
DA:74,0
DA:75,0
DA:76,0
DA:78,0
DA:83,0
DA:84,0
DA:85,0
DA:86,0
DA:87,0
DA:88,0
DA:89,0
DA:90,0
DA:92,0
DA:96,0
LF:50
LH:0
BRDA:15,0,0,0
BRDA:15,0,1,0
BRDA:28,1,0,0
BRDA:28,1,1,0
BRDA:50,2,0,0
BRDA:50,2,1,0
BRDA:85,3,0,0
BRDA:85,3,1,0
BRDA:86,4,0,0
BRDA:86,4,1,0
BRDA:87,5,0,0
BRDA:87,5,1,0
BRF:12
BRH:0
end_of_record
TN:
SF:controllers/cms/content/PlDescriptorController.js
FN:6,(anonymous_0)
FN:16,(anonymous_1)
FN:32,(anonymous_2)
FN:42,(anonymous_3)
FNF:4
FNH:0
FNDA:0,(anonymous_0)
FNDA:0,(anonymous_1)
FNDA:0,(anonymous_2)
FNDA:0,(anonymous_3)
DA:1,0
DA:2,0
DA:3,0
DA:6,0
DA:7,0
DA:8,0
DA:9,0
DA:11,0
DA:16,0
DA:17,0
DA:18,0
DA:19,0
DA:20,0
DA:21,0
DA:23,0
DA:24,0
DA:27,0
DA:32,0
DA:33,0
DA:34,0
DA:35,0
DA:36,0
DA:38,0
DA:42,0
DA:43,0
DA:44,0
DA:45,0
DA:46,0
DA:48,0
DA:52,0
LF:30
LH:0
BRDA:19,0,0,0
BRDA:19,0,1,0
BRF:2
BRH:0
end_of_record
TN:
SF:controllers/cms/content/PlScaleController.js
FN:13,(anonymous_0)
FN:31,(anonymous_1)
FN:47,(anonymous_2)
FN:61,(anonymous_3)
FN:77,(anonymous_4)
FN:92,(anonymous_5)
FNF:6
FNH:0
FNDA:0,(anonymous_0)
FNDA:0,(anonymous_1)
FNDA:0,(anonymous_2)
FNDA:0,(anonymous_3)
FNDA:0,(anonymous_4)
FNDA:0,(anonymous_5)
DA:1,0
DA:2,0
DA:3,0
DA:4,0
DA:13,0
DA:14,0
DA:15,0
DA:17,0
DA:18,0
DA:19,0
DA:20,0
DA:25,0
DA:31,0
DA:32,0
DA:33,0
DA:34,0
DA:35,0
DA:36,0
DA:37,0
DA:38,0
DA:39,0
DA:41,0
DA:47,0
DA:48,0
DA:49,0
DA:51,0
DA:52,0
DA:53,0
DA:55,0
DA:61,0
DA:62,0
DA:63,0
DA:64,0
DA:66,0
DA:67,0
DA:69,0
DA:71,0
DA:77,0
DA:78,0
DA:79,0
DA:80,0
DA:82,0
DA:83,0
DA:84,0
DA:86,0
DA:92,0
DA:93,0
DA:94,0
DA:95,0
DA:97,0
DA:98,0
DA:99,0
DA:101,0
DA:108,0
LF:54
LH:0
BRDA:34,0,0,0
BRDA:34,0,1,0
BRDA:35,1,0,0
BRDA:35,1,1,0
BRF:4
BRH:0
end_of_record
TN:
SF:controllers/cms/content/TestController.js
FN:17,(anonymous_0)
FN:26,(anonymous_1)
FN:93,(anonymous_2)
FN:166,(anonymous_3)
FN:179,(anonymous_4)
FN:192,(anonymous_5)
FNF:6
FNH:0
FNDA:0,(anonymous_0)
FNDA:0,(anonymous_1)
FNDA:0,(anonymous_2)
FNDA:0,(anonymous_3)
FNDA:0,(anonymous_4)
FNDA:0,(anonymous_5)
DA:1,0
DA:2,0
DA:3,0
DA:4,0
DA:5,0
DA:6,0
DA:8,0
DA:17,0
DA:18,0
DA:19,0
DA:20,0
DA:22,0
DA:26,0
DA:27,0
DA:28,0
DA:30,0
DA:31,0
DA:33,0
DA:93,0
DA:94,0
DA:96,0
DA:97,0
DA:98,0
DA:99,0
DA:101,0
DA:104,0
DA:105,0
DA:106,0
DA:113,0
DA:114,0
DA:115,0
DA:118,0
DA:140,0
DA:143,0
DA:144,0
DA:146,0
DA:157,0
DA:158,0
DA:166,0
DA:167,0
DA:168,0
DA:169,0
DA:170,0
DA:172,0
DA:174,0
DA:179,0
DA:180,0
DA:181,0
DA:182,0
DA:183,0
DA:185,0
DA:187,0
DA:192,0
DA:193,0
DA:194,0
DA:195,0
DA:196,0
DA:198,0
DA:200,0
DA:204,0
LF:60
LH:0
BRDA:19,0,0,0
BRDA:19,0,1,0
BRDA:97,1,0,0
BRDA:97,1,1,0
BRDA:98,2,0,0
BRDA:98,2,1,0
BRDA:99,3,0,0
BRDA:99,3,1,0
BRDA:104,4,0,0
BRDA:104,4,1,0
BRDA:113,5,0,0
BRDA:113,5,1,0
BRDA:114,6,0,0
BRDA:114,6,1,0
BRDA:169,7,0,0
BRDA:169,7,1,0
BRDA:182,8,0,0
BRDA:182,8,1,0
BRDA:195,9,0,0
BRDA:195,9,1,0
BRF:20
BRH:0
end_of_record
TN:
SF:controllers/cms/content/bulky_processing.js
FN:17,(anonymous_0)
FN:31,(anonymous_1)
FN:87,(anonymous_2)
FN:92,(anonymous_3)
FN:107,(anonymous_4)
FNF:5
FNH:0
FNDA:0,(anonymous_0)
FNDA:0,(anonymous_1)
FNDA:0,(anonymous_2)
FNDA:0,(anonymous_3)
FNDA:0,(anonymous_4)
DA:1,0
DA:2,0
DA:3,0
DA:4,0
DA:5,0
DA:7,0
DA:8,0
DA:9,0
DA:10,0
DA:11,0
DA:14,0
DA:17,0
DA:18,0
DA:19,0
DA:20,0
DA:22,0
DA:24,0
DA:25,0
DA:26,0
DA:27,0
DA:29,0
DA:32,0
DA:34,0
DA:35,0
DA:41,0
DA:42,0
DA:54,0
DA:55,0
DA:59,0
DA:60,0
DA:69,0
DA:70,0
DA:73,0
DA:74,0
DA:75,0
DA:77,0
DA:79,0
DA:83,0
DA:84,0
DA:88,0
DA:90,0
DA:91,0
DA:93,0
DA:94,0
DA:95,0
DA:96,0
DA:99,0
DA:101,0
DA:102,0
DA:107,0
DA:108,0
DA:110,0
DA:114,0
DA:115,0
DA:118,0
DA:122,0
LF:56
LH:0
BRDA:19,0,0,0
BRDA:19,0,1,0
BRDA:34,1,0,0
BRDA:34,1,1,0
BRDA:34,2,0,0
BRDA:34,2,1,0
BRDA:41,3,0,0
BRDA:41,3,1,0
BRDA:41,4,0,0
BRDA:41,4,1,0
BRDA:43,5,0,0
BRDA:43,5,1,0
BRDA:47,6,0,0
BRDA:47,6,1,0
BRDA:48,7,0,0
BRDA:48,7,1,0
BRDA:59,8,0,0
BRDA:59,8,1,0
BRDA:73,9,0,0
BRDA:73,9,1,0
BRDA:74,10,0,0
BRDA:74,10,1,0
BRDA:95,11,0,0
BRDA:95,11,1,0
BRF:24
BRH:0
end_of_record
TN:
SF:controllers/cms/content/dashboard_controller.js
FN:16,(anonymous_0)
FN:19,(anonymous_1)
FN:22,(anonymous_2)
FN:62,(anonymous_3)
FN:66,(anonymous_4)
FN:71,(anonymous_5)
FN:72,(anonymous_6)
FN:95,(anonymous_7)
FN:128,(anonymous_8)
FN:131,(anonymous_9)
FN:161,(anonymous_10)
FN:164,(anonymous_11)
FN:195,(anonymous_12)
FN:198,(anonymous_13)
FN:229,(anonymous_14)
FN:232,(anonymous_15)
FN:257,(anonymous_16)
FN:260,(anonymous_17)
FN:301,(anonymous_18)
FN:304,(anonymous_19)
FN:334,(anonymous_20)
FN:337,(anonymous_21)
FN:368,(anonymous_22)
FN:372,(anonymous_23)
FN:386,(anonymous_24)
FN:390,(anonymous_25)
FN:420,(anonymous_26)
FN:424,(anonymous_27)
FN:455,(anonymous_28)
FN:459,(anonymous_29)
FN:490,(anonymous_30)
FN:494,(anonymous_31)
FN:519,(anonymous_32)
FN:523,(anonymous_33)
FN:565,(anonymous_34)
FN:569,(anonymous_35)
FN:599,(anonymous_36)
FN:603,(anonymous_37)
FNF:38
FNH:0
FNDA:0,(anonymous_0)
FNDA:0,(anonymous_1)
FNDA:0,(anonymous_2)
FNDA:0,(anonymous_3)
FNDA:0,(anonymous_4)
FNDA:0,(anonymous_5)
FNDA:0,(anonymous_6)
FNDA:0,(anonymous_7)
FNDA:0,(anonymous_8)
FNDA:0,(anonymous_9)
FNDA:0,(anonymous_10)
FNDA:0,(anonymous_11)
FNDA:0,(anonymous_12)
FNDA:0,(anonymous_13)
FNDA:0,(anonymous_14)
FNDA:0,(anonymous_15)
FNDA:0,(anonymous_16)
FNDA:0,(anonymous_17)
FNDA:0,(anonymous_18)
FNDA:0,(anonymous_19)
FNDA:0,(anonymous_20)
FNDA:0,(anonymous_21)
FNDA:0,(anonymous_22)
FNDA:0,(anonymous_23)
FNDA:0,(anonymous_24)
FNDA:0,(anonymous_25)
FNDA:0,(anonymous_26)
FNDA:0,(anonymous_27)
FNDA:0,(anonymous_28)
FNDA:0,(anonymous_29)
FNDA:0,(anonymous_30)
FNDA:0,(anonymous_31)
FNDA:0,(anonymous_32)
FNDA:0,(anonymous_33)
FNDA:0,(anonymous_34)
FNDA:0,(anonymous_35)
FNDA:0,(anonymous_36)
FNDA:0,(anonymous_37)
DA:1,0
DA:2,0
DA:3,0
DA:4,0
DA:5,0
DA:6,0
DA:7,0
DA:8,0
DA:9,0
DA:10,0
DA:11,0
DA:12,0
DA:13,0
DA:16,0
DA:17,0
DA:18,0
DA:19,0
DA:21,0
DA:22,0
DA:23,0
DA:24,0
DA:25,0
DA:26,0
DA:27,0
DA:29,0
DA:33,0
DA:34,0
DA:35,0
DA:37,0
DA:43,0
DA:49,0
DA:55,0
DA:56,0
DA:57,0
DA:58,0
DA:59,0
DA:62,0
DA:63,0
DA:64,0
DA:66,0
DA:67,0
DA:68,0
DA:71,0
DA:72,0
DA:74,0
DA:80,0
DA:87,0
DA:89,0
DA:90,0
DA:95,0
DA:96,0
DA:97,0
DA:98,0
DA:99,0
DA:100,0
DA:101,0
DA:102,0
DA:103,0
DA:104,0
DA:105,0
DA:108,0
DA:119,0
DA:120,0
DA:122,0
DA:123,0
DA:128,0
DA:129,0
DA:130,0
DA:131,0
DA:132,0
DA:153,0
DA:155,0
DA:156,0
DA:161,0
DA:162,0
DA:163,0
DA:164,0
DA:165,0
DA:187,0
DA:189,0
DA:190,0
DA:195,0
DA:196,0
DA:197,0
DA:198,0
DA:199,0
DA:221,0
DA:223,0
DA:224,0
DA:229,0
DA:230,0
DA:231,0
DA:232,0
DA:233,0
DA:249,0
DA:251,0
DA:252,0
DA:257,0
DA:258,0
DA:259,0
DA:260,0
DA:261,0
DA:293,0
DA:295,0
DA:296,0
DA:301,0
DA:302,0
DA:303,0
DA:304,0
DA:305,0
DA:326,0
DA:328,0
DA:329,0
DA:334,0
DA:335,0
DA:336,0
DA:337,0
DA:338,0
DA:360,0
DA:362,0
DA:363,0
DA:368,0
DA:369,0
DA:370,0
DA:371,0
DA:372,0
DA:373,0
DA:374,0
DA:375,0
DA:377,0
DA:378,0
DA:380,0
DA:381,0
DA:386,0
DA:387,0
DA:388,0
DA:389,0
DA:390,0
DA:391,0
DA:413,0
DA:415,0
DA:416,0
DA:420,0
DA:421,0
DA:422,0
DA:423,0
DA:424,0
DA:425,0
DA:448,0
DA:450,0
DA:451,0
DA:455,0
DA:456,0
DA:457,0
DA:458,0
DA:459,0
DA:460,0
DA:483,0
DA:485,0
DA:486,0
DA:490,0
DA:491,0
DA:492,0
DA:493,0
DA:494,0
DA:495,0
DA:512,0
DA:514,0
DA:515,0
DA:519,0
DA:520,0
DA:521,0
DA:522,0
DA:523,0
DA:524,0
DA:558,0
DA:560,0
DA:561,0
DA:565,0
DA:566,0
DA:567,0
DA:568,0
DA:569,0
DA:570,0
DA:592,0
DA:594,0
DA:595,0
DA:599,0
DA:600,0
DA:601,0
DA:602,0
DA:603,0
DA:604,0
DA:626,0
DA:628,0
DA:629,0
DA:633,0
LF:197
LH:0
BRDA:71,0,0,0
BRDA:71,0,1,0
BRDA:72,1,0,0
BRDA:72,1,1,0
BRDA:96,2,0,0
BRDA:96,2,1,0
BRDA:102,3,0,0
BRDA:102,3,1,0
BRDA:104,4,0,0
BRDA:104,4,1,0
BRDA:374,5,0,0
BRDA:374,5,1,0
BRF:12
BRH:0
end_of_record
TN:
SF:controllers/cms/content/grade_controller.js
FN:18,(anonymous_0)
FN:34,(anonymous_1)
FN:58,(anonymous_2)
FN:122,(anonymous_3)
FNF:4
FNH:0
FNDA:0,(anonymous_0)
FNDA:0,(anonymous_1)
FNDA:0,(anonymous_2)
FNDA:0,(anonymous_3)
DA:1,0
DA:2,0
DA:3,0
DA:4,0
DA:5,0
DA:6,0
DA:7,0
DA:8,0
DA:9,0
DA:18,0
DA:19,0
DA:24,0
DA:25,0
DA:26,0
DA:28,0
DA:29,0
DA:34,0
DA:35,0
DA:41,0
DA:43,0
DA:45,0
DA:46,0
DA:49,0
DA:51,0
DA:52,0
DA:58,0
DA:59,0
DA:60,0
DA:62,0
DA:63,0
DA:66,0
DA:69,0
DA:82,0
DA:84,0
DA:85,0
DA:87,0
DA:88,0
DA:90,0
DA:91,0
DA:92,0
DA:94,0
DA:95,0
DA:96,0
DA:97,0
DA:103,0
DA:116,0
DA:117,0
DA:122,0
DA:123,0
DA:124,0
DA:125,0
DA:126,0
DA:127,0
DA:133,0
DA:135,0
DA:136,0
DA:142,0
DA:148,0
DA:149,0
DA:153,0
LF:60
LH:0
BRDA:45,0,0,0
BRDA:45,0,1,0
BRDA:62,1,0,0
BRDA:62,1,1,0
BRDA:82,2,0,0
BRDA:82,2,1,0
BRDA:84,3,0,0
BRDA:84,3,1,0
BRDA:87,4,0,0
BRDA:87,4,1,0
BRDA:91,5,0,0
BRDA:91,5,1,0
BRDA:126,6,0,0
BRDA:126,6,1,0
BRDA:135,7,0,0
BRDA:135,7,1,0
BRF:16
BRH:0
end_of_record
TN:
SF:controllers/cms/content/learning_controller.js
FN:14,(anonymous_0)
FN:32,(anonymous_1)
FN:61,(anonymous_2)
FN:147,(anonymous_3)
FNF:4
FNH:0
FNDA:0,(anonymous_0)
FNDA:0,(anonymous_1)
FNDA:0,(anonymous_2)
FNDA:0,(anonymous_3)
DA:1,0
DA:2,0
DA:3,0
DA:4,0
DA:5,0
DA:6,0
DA:7,0
DA:8,0
DA:9,0
DA:14,0
DA:15,0
DA:17,0
DA:18,0
DA:19,0
DA:20,0
DA:26,0
DA:27,0
DA:32,0
DA:33,0
DA:34,0
DA:36,0
DA:38,0
DA:44,0
DA:45,0
DA:48,0
DA:54,0
DA:55,0
DA:61,0
DA:62,0
DA:63,0
DA:64,0
DA:66,0
DA:67,0
DA:68,0
DA:69,0
DA:70,0
DA:72,0
DA:74,0
DA:75,0
DA:76,0
DA:79,0
DA:82,0
DA:83,0
DA:84,0
DA:87,0
DA:88,0
DA:90,0
DA:96,0
DA:112,0
DA:115,0
DA:116,0
DA:119,0
DA:120,0
DA:122,0
DA:128,0
DA:141,0
DA:142,0
DA:147,0
DA:148,0
DA:149,0
DA:150,0
DA:151,0
DA:152,0
DA:158,0
DA:161,0
DA:162,0
DA:168,0
DA:174,0
DA:175,0
DA:179,0
LF:70
LH:0
BRDA:44,0,0,0
BRDA:44,0,1,0
BRDA:66,1,0,0
BRDA:66,1,1,0
BRDA:68,2,0,0
BRDA:68,2,1,0
BRDA:69,3,0,0
BRDA:69,3,1,0
BRDA:72,4,0,0
BRDA:72,4,1,0
BRDA:75,5,0,0
BRDA:75,5,1,0
BRDA:83,6,0,0
BRDA:83,6,1,0
BRDA:115,7,0,0
BRDA:115,7,1,0
BRDA:151,8,0,0
BRDA:151,8,1,0
BRDA:161,9,0,0
BRDA:161,9,1,0
BRF:20
BRH:0
end_of_record
TN:
SF:controllers/cms/content/level_controller.js
FN:20,(anonymous_0)
FN:36,(anonymous_1)
FN:57,(anonymous_2)
FN:91,(anonymous_3)
FNF:4
FNH:0
FNDA:0,(anonymous_0)
FNDA:0,(anonymous_1)
FNDA:0,(anonymous_2)
FNDA:0,(anonymous_3)
DA:1,0
DA:2,0
DA:4,0
DA:5,0
DA:6,0
DA:7,0
DA:8,0
DA:10,0
DA:20,0
DA:21,0
DA:28,0
DA:29,0
DA:31,0
DA:32,0
DA:36,0
DA:37,0
DA:44,0
DA:45,0
DA:46,0
DA:47,0
DA:48,0
DA:50,0
DA:51,0
DA:57,0
DA:58,0
DA:59,0
DA:60,0
DA:62,0
DA:63,0
DA:65,0
DA:67,0
DA:68,0
DA:70,0
DA:72,0
DA:85,0
DA:86,0
DA:91,0
DA:92,0
DA:93,0
DA:94,0
DA:95,0
DA:96,0
DA:101,0
DA:103,0
DA:104,0
DA:110,0
DA:116,0
DA:117,0
DA:121,0
LF:49
LH:0
BRDA:59,0,0,0
BRDA:59,0,1,0
BRDA:62,1,0,0
BRDA:62,1,1,0
BRDA:63,2,0,0
BRDA:63,2,1,0
BRDA:95,3,0,0
BRDA:95,3,1,0
BRDA:103,4,0,0
BRDA:103,4,1,0
BRF:10
BRH:0
end_of_record
TN:
SF:controllers/cms/content/strand_controller.js
FN:20,(anonymous_0)
FN:69,(anonymous_1)
FN:95,(anonymous_2)
FN:161,(anonymous_3)
FN:182,(anonymous_4)
FN:223,(anonymous_5)
FN:253,(anonymous_6)
FN:257,(anonymous_7)
FN:293,(anonymous_8)
FN:304,(anonymous_9)
FN:332,(anonymous_10)
FN:338,(anonymous_11)
FN:353,(anonymous_12)
FN:366,(anonymous_13)
FN:420,exportJsonToCsvNew
FN:424,(anonymous_15)
FNF:16
FNH:0
FNDA:0,(anonymous_0)
FNDA:0,(anonymous_1)
FNDA:0,(anonymous_2)
FNDA:0,(anonymous_3)
FNDA:0,(anonymous_4)
FNDA:0,(anonymous_5)
FNDA:0,(anonymous_6)
FNDA:0,(anonymous_7)
FNDA:0,(anonymous_8)
FNDA:0,(anonymous_9)
FNDA:0,(anonymous_10)
FNDA:0,(anonymous_11)
FNDA:0,(anonymous_12)
FNDA:0,(anonymous_13)
FNDA:0,exportJsonToCsvNew
FNDA:0,(anonymous_15)
DA:1,0
DA:2,0
DA:3,0
DA:4,0
DA:5,0
DA:6,0
DA:7,0
DA:8,0
DA:9,0
DA:10,0
DA:11,0
DA:12,0
DA:13,0
DA:14,0
DA:15,0
DA:20,0
DA:21,0
DA:22,0
DA:24,0
DA:25,0
DA:27,0
DA:29,0
DA:35,0
DA:36,0
DA:40,0
DA:53,0
DA:54,0
DA:56,0
DA:62,0
DA:63,0
DA:64,0
DA:65,0
DA:69,0
DA:70,0
DA:71,0
DA:73,0
DA:84,0
DA:90,0
DA:91,0
DA:95,0
DA:96,0
DA:97,0
DA:98,0
DA:99,0
DA:100,0
DA:101,0
DA:103,0
DA:104,0
DA:105,0
DA:110,0
DA:111,0
DA:116,0
DA:118,0
DA:124,0
DA:125,0
DA:127,0
DA:143,0
DA:155,0
DA:156,0
DA:161,0
DA:162,0
DA:163,0
DA:175,0
DA:177,0
DA:178,0
DA:182,0
DA:183,0
DA:184,0
DA:185,0
DA:187,0
DA:189,0
DA:191,0
DA:192,0
DA:194,0
DA:206,0
DA:217,0
DA:218,0
DA:223,0
DA:224,0
DA:225,0
DA:226,0
DA:227,0
DA:228,0
DA:234,0
DA:236,0
DA:237,0
DA:243,0
DA:249,0
DA:250,0
DA:253,0
DA:254,0
DA:256,0
DA:257,0
DA:259,0
DA:262,0
DA:263,0
DA:266,0
DA:269,0
DA:270,0
DA:276,0
DA:278,0
DA:284,0
DA:285,0
DA:287,0
DA:288,0
DA:290,0
DA:293,0
DA:294,0
DA:295,0
DA:296,0
DA:298,0
DA:299,0
DA:300,0
DA:302,0
DA:305,0
DA:307,0
DA:316,0
DA:325,0
DA:328,0
DA:329,0
DA:333,0
DA:335,0
DA:337,0
DA:339,0
DA:341,0
DA:342,0
DA:343,0
DA:345,0
DA:347,0
DA:348,0
DA:353,0
DA:354,0
DA:356,0
DA:357,0
DA:361,0
DA:362,0
DA:366,0
DA:367,0
DA:370,0
DA:415,0
DA:416,0
DA:417,0
DA:418,0
DA:421,0
DA:424,0
DA:425,0
DA:435,0
DA:444,0
DA:445,0
DA:446,0
DA:448,0
DA:453,0
DA:456,0
LF:153
LH:0
BRDA:27,0,0,0
BRDA:27,0,1,0
BRDA:97,1,0,0
BRDA:97,1,1,0
BRDA:98,2,0,0
BRDA:98,2,1,0
BRDA:100,3,0,0
BRDA:100,3,1,0
BRDA:101,4,0,0
BRDA:101,4,1,0
BRDA:104,5,0,0
BRDA:104,5,1,0
BRDA:110,6,0,0
BRDA:110,6,1,0
BRDA:116,7,0,0
BRDA:116,7,1,0
BRDA:184,8,0,0
BRDA:184,8,1,0
BRDA:227,9,0,0
BRDA:227,9,1,0
BRDA:236,10,0,0
BRDA:236,10,1,0
BRDA:276,11,0,0
BRDA:276,11,1,0
BRDA:295,12,0,0
BRDA:295,12,1,0
BRDA:307,13,0,0
BRDA:307,13,1,0
BRDA:307,14,0,0
BRDA:307,14,1,0
BRDA:320,15,0,0
BRDA:320,15,1,0
BRDA:321,16,0,0
BRDA:321,16,1,0
BRDA:342,17,0,0
BRDA:342,17,1,0
BRF:36
BRH:0
end_of_record
TN:
SF:controllers/cms/content/substrand_controller.js
FN:71,(anonymous_0)
FN:95,(anonymous_1)
FN:195,(anonymous_2)
FN:207,(anonymous_3)
FN:235,(anonymous_4)
FN:257,(anonymous_5)
FN:305,(anonymous_6)
FN:356,(anonymous_7)
FN:390,(anonymous_8)
FN:413,(anonymous_9)
FN:417,(anonymous_10)
FN:455,(anonymous_11)
FN:469,(anonymous_12)
FN:525,(anonymous_13)
FN:530,(anonymous_14)
FN:545,(anonymous_15)
FN:557,(anonymous_16)
FN:644,exportJsonToCsvNew
FN:648,(anonymous_18)
FN:649,(anonymous_19)
FN:687,(anonymous_20)
FN:699,(anonymous_21)
FN:812,exportJsonToCsv
FN:816,(anonymous_23)
FN:817,(anonymous_24)
FNF:25
FNH:0
FNDA:0,(anonymous_0)
FNDA:0,(anonymous_1)
FNDA:0,(anonymous_2)
FNDA:0,(anonymous_3)
FNDA:0,(anonymous_4)
FNDA:0,(anonymous_5)
FNDA:0,(anonymous_6)
FNDA:0,(anonymous_7)
FNDA:0,(anonymous_8)
FNDA:0,(anonymous_9)
FNDA:0,(anonymous_10)
FNDA:0,(anonymous_11)
FNDA:0,(anonymous_12)
FNDA:0,(anonymous_13)
FNDA:0,(anonymous_14)
FNDA:0,(anonymous_15)
FNDA:0,(anonymous_16)
FNDA:0,exportJsonToCsvNew
FNDA:0,(anonymous_18)
FNDA:0,(anonymous_19)
FNDA:0,(anonymous_20)
FNDA:0,(anonymous_21)
FNDA:0,exportJsonToCsv
FNDA:0,(anonymous_23)
FNDA:0,(anonymous_24)
DA:1,0
DA:2,0
DA:3,0
DA:4,0
DA:5,0
DA:6,0
DA:7,0
DA:8,0
DA:9,0
DA:10,0
DA:11,0
DA:14,0
DA:16,0
DA:71,0
DA:72,0
DA:73,0
DA:75,0
DA:92,0
DA:95,0
DA:96,0
DA:99,0
DA:101,0
DA:118,0
DA:122,0
DA:124,0
DA:130,0
DA:131,0
DA:134,0
DA:151,0
DA:169,0
DA:170,0
DA:174,0
DA:176,0
DA:177,0
DA:179,0
DA:185,0
DA:186,0
DA:187,0
DA:188,0
DA:189,0
DA:195,0
DA:196,0
DA:197,0
DA:200,0
DA:201,0
DA:202,0
DA:206,0
DA:208,0
DA:210,0
DA:211,0
DA:215,0
DA:216,0
DA:220,0
DA:226,0
DA:227,0
DA:235,0
DA:236,0
DA:254,0
DA:256,0
DA:257,0
DA:258,0
DA:262,0
DA:263,0
DA:264,0
DA:268,0
DA:269,0
DA:270,0
DA:271,0
DA:272,0
DA:273,0
DA:274,0
DA:275,0
DA:276,0
DA:277,0
DA:278,0
DA:279,0
DA:280,0
DA:281,0
DA:282,0
DA:285,0
DA:286,0
DA:290,0
DA:292,0
DA:298,0
DA:299,0
DA:305,0
DA:306,0
DA:307,0
DA:308,0
DA:309,0
DA:315,0
DA:316,0
DA:317,0
DA:319,0
DA:320,0
DA:321,0
DA:323,0
DA:328,0
DA:329,0
DA:331,0
DA:336,0
DA:349,0
DA:356,0
DA:357,0
DA:358,0
DA:359,0
DA:360,0
DA:362,0
DA:363,0
DA:365,0
DA:371,0
DA:372,0
DA:374,0
DA:386,0
DA:387,0
DA:390,0
DA:391,0
DA:392,0
DA:393,0
DA:396,0
DA:397,0
DA:403,0
DA:409,0
DA:410,0
DA:413,0
DA:414,0
DA:416,0
DA:417,0
DA:419,0
DA:422,0
DA:423,0
DA:426,0
DA:429,0
DA:430,0
DA:436,0
DA:438,0
DA:444,0
DA:445,0
DA:447,0
DA:448,0
DA:450,0
DA:455,0
DA:456,0
DA:457,0
DA:458,0
DA:460,0
DA:462,0
DA:463,0
DA:464,0
DA:465,0
DA:467,0
DA:470,0
DA:472,0
DA:473,0
DA:479,0
DA:480,0
DA:492,0
DA:493,0
DA:497,0
DA:498,0
DA:507,0
DA:508,0
DA:511,0
DA:512,0
DA:513,0
DA:515,0
DA:517,0
DA:521,0
DA:522,0
DA:526,0
DA:528,0
DA:529,0
DA:531,0
DA:532,0
DA:533,0
DA:534,0
DA:537,0
DA:539,0
DA:540,0
DA:545,0
DA:546,0
DA:548,0
DA:552,0
DA:553,0
DA:557,0
DA:558,0
DA:561,0
DA:637,0
DA:638,0
DA:639,0
DA:640,0
DA:645,0
DA:648,0
DA:649,0
DA:650,0
DA:664,0
DA:676,0
DA:677,0
DA:678,0
DA:682,0
DA:687,0
DA:688,0
DA:690,0
DA:692,0
DA:693,0
DA:694,0
DA:698,0
DA:699,0
DA:700,0
DA:701,0
DA:703,0
DA:708,0
DA:710,0
DA:711,0
DA:715,0
DA:801,0
DA:804,0
DA:805,0
DA:806,0
DA:808,0
DA:809,0
DA:813,0
DA:816,0
DA:817,0
DA:818,0
DA:832,0
DA:844,0
DA:845,0
DA:848,0
DA:852,0
LF:230
LH:0
BRDA:99,0,0,0
BRDA:99,0,1,0
BRDA:99,1,0,0
BRDA:99,1,1,0
BRDA:122,2,0,0
BRDA:122,2,1,0
BRDA:169,3,0,0
BRDA:169,3,1,0
BRDA:201,4,0,0
BRDA:201,4,1,0
BRDA:210,5,0,0
BRDA:210,5,1,0
BRDA:263,6,0,0
BRDA:263,6,1,0
BRDA:285,7,0,0
BRDA:285,7,1,0
BRDA:308,8,0,0
BRDA:308,8,1,0
BRDA:315,9,0,0
BRDA:315,9,1,0
BRDA:316,10,0,0
BRDA:316,10,1,0
BRDA:319,11,0,0
BRDA:319,11,1,0
BRDA:320,12,0,0
BRDA:320,12,1,0
BRDA:321,13,0,0
BRDA:321,13,1,0
BRDA:358,14,0,0
BRDA:358,14,1,0
BRDA:359,15,0,0
BRDA:359,15,1,0
BRDA:362,16,0,0
BRDA:362,16,1,0
BRDA:396,17,0,0
BRDA:396,17,1,0
BRDA:436,18,0,0
BRDA:436,18,1,0
BRDA:457,19,0,0
BRDA:457,19,1,0
BRDA:472,20,0,0
BRDA:472,20,1,0
BRDA:472,21,0,0
BRDA:472,21,1,0
BRDA:479,22,0,0
BRDA:479,22,1,0
BRDA:479,23,0,0
BRDA:479,23,1,0
BRDA:481,24,0,0
BRDA:481,24,1,0
BRDA:485,25,0,0
BRDA:485,25,1,0
BRDA:486,26,0,0
BRDA:486,26,1,0
BRDA:497,27,0,0
BRDA:497,27,1,0
BRDA:511,28,0,0
BRDA:511,28,1,0
BRDA:512,29,0,0
BRDA:512,29,1,0
BRDA:533,30,0,0
BRDA:533,30,1,0
BRDA:651,31,0,0
BRDA:651,31,1,0
BRDA:652,32,0,0
BRDA:652,32,1,0
BRDA:693,33,0,0
BRDA:693,33,1,0
BRDA:710,34,0,0
BRDA:710,34,1,0
BRDA:819,35,0,0
BRDA:819,35,1,0
BRDA:820,36,0,0
BRDA:820,36,1,0
BRF:74
BRH:0
end_of_record
TN:
SF:controllers/cms/content/portal/PortalController.js
FN:21,(anonymous_0)
FN:40,(anonymous_1)
FN:51,(anonymous_2)
FN:62,(anonymous_3)
FN:72,(anonymous_4)
FN:81,(anonymous_5)
FN:118,(anonymous_6)
FN:200,(anonymous_7)
FN:225,(anonymous_8)
FN:239,(anonymous_9)
FNF:10
FNH:0
FNDA:0,(anonymous_0)
FNDA:0,(anonymous_1)
FNDA:0,(anonymous_2)
FNDA:0,(anonymous_3)
FNDA:0,(anonymous_4)
FNDA:0,(anonymous_5)
FNDA:0,(anonymous_6)
FNDA:0,(anonymous_7)
FNDA:0,(anonymous_8)
FNDA:0,(anonymous_9)
DA:1,0
DA:2,0
DA:3,0
DA:4,0
DA:5,0
DA:6,0
DA:7,0
DA:8,0
DA:9,0
DA:10,0
DA:11,0
DA:12,0
DA:13,0
DA:15,0
DA:16,0
DA:17,0
DA:18,0
DA:21,0
DA:22,0
DA:23,0
DA:24,0
DA:25,0
DA:26,0
DA:28,0
DA:29,0
DA:31,0
DA:32,0
DA:34,0
DA:40,0
DA:41,0
DA:42,0
DA:43,0
DA:45,0
DA:46,0
DA:48,0
DA:51,0
DA:52,0
DA:53,0
DA:54,0
DA:55,0
DA:56,0
DA:57,0
DA:59,0
DA:62,0
DA:63,0
DA:64,0
DA:65,0
DA:66,0
DA:67,0
DA:69,0
DA:72,0
DA:73,0
DA:74,0
DA:75,0
DA:76,0
DA:78,0
DA:81,0
DA:82,0
DA:83,0
DA:84,0
DA:85,0
DA:87,0
DA:90,0
DA:119,0
DA:120,0
DA:122,0
DA:123,0
DA:124,0
DA:125,0
DA:126,0
DA:128,0
DA:129,0
DA:130,0
DA:137,0
DA:148,0
DA:150,0
DA:168,0
DA:170,0
DA:171,0
DA:172,0
DA:180,0
DA:181,0
DA:184,0
DA:185,0
DA:187,0
DA:188,0
DA:192,0
DA:201,0
DA:202,0
DA:203,0
DA:204,0
DA:207,0
DA:213,0
DA:214,0
DA:217,0
DA:219,0
DA:225,0
DA:226,0
DA:227,0
DA:228,0
DA:229,0
DA:232,0
DA:234,0
DA:239,0
DA:240,0
DA:242,0
DA:243,0
DA:244,0
DA:248,0
DA:250,0
DA:256,0
DA:260,0
LF:112
LH:0
BRDA:25,0,0,0
BRDA:25,0,1,0
BRDA:28,1,0,0
BRDA:28,1,1,0
BRDA:64,2,0,0
BRDA:64,2,1,0
BRDA:65,3,0,0
BRDA:65,3,1,0
BRDA:129,4,0,0
BRDA:129,4,1,0
BRDA:184,5,0,0
BRDA:184,5,1,0
BRDA:203,6,0,0
BRDA:203,6,1,0
BRDA:213,7,0,0
BRDA:213,7,1,0
BRDA:228,8,0,0
BRDA:228,8,1,0
BRDA:243,9,0,0
BRDA:243,9,1,0
BRDA:253,10,0,0
BRDA:253,10,1,0
BRF:22
BRH:0
end_of_record
TN:
SF:controllers/fees/advancePaymentController.js
FN:5,(anonymous_0)
FN:18,(anonymous_1)
FN:35,(anonymous_2)
FN:56,(anonymous_3)
FN:78,(anonymous_4)
FN:95,(anonymous_5)
FNF:6
FNH:6
FNDA:2,(anonymous_0)
FNDA:3,(anonymous_1)
FNDA:2,(anonymous_2)
FNDA:3,(anonymous_3)
FNDA:3,(anonymous_4)
FNDA:4,(anonymous_5)
DA:1,1
DA:2,1
DA:5,1
DA:6,2
DA:7,2
DA:11,1
DA:13,1
DA:18,1
DA:19,3
DA:20,3
DA:24,2
DA:25,1
DA:28,1
DA:30,1
DA:35,1
DA:36,2
DA:37,2
DA:43,2
DA:44,2
DA:47,1
DA:49,1
DA:51,1
DA:56,1
DA:57,3
DA:58,3
DA:60,3
DA:61,1
DA:65,2
DA:66,2
DA:69,1
DA:71,1
DA:73,1
DA:78,1
DA:79,3
DA:80,3
DA:82,3
DA:83,1
DA:86,2
DA:88,1
DA:90,1
DA:95,1
DA:96,4
DA:97,4
DA:98,4
DA:101,3
DA:102,1
DA:106,2
DA:107,1
DA:111,1
DA:118,1
DA:121,1
DA:122,0
DA:124,1
DA:127,1
DA:132,1
DA:137,1
LF:56
LH:55
BRDA:24,0,0,1
BRDA:24,0,1,1
BRDA:60,1,0,1
BRDA:60,1,1,2
BRDA:82,2,0,1
BRDA:82,2,1,2
BRDA:101,3,0,1
BRDA:101,3,1,2
BRDA:106,4,0,1
BRDA:106,4,1,1
BRDA:121,5,0,0
BRDA:121,5,1,1
BRF:12
BRH:11
end_of_record
TN:
SF:controllers/fees/dashboardController.js
FN:5,(anonymous_0)
FN:64,(anonymous_1)
FNF:2
FNH:2
FNDA:3,(anonymous_0)
FNDA:2,(anonymous_1)
DA:1,1
DA:2,1
DA:5,1
DA:6,3
DA:7,3
DA:10,3
DA:11,3
DA:12,3
DA:15,3
DA:27,2
DA:30,2
DA:42,2
DA:48,2
DA:53,2
DA:64,2
DA:73,2
DA:75,1
LF:17
LH:17
BRDA:11,0,0,2
BRDA:11,0,1,1
BRDA:12,1,0,2
BRDA:12,1,1,1
BRDA:27,2,0,2
BRDA:27,2,1,1
BRDA:48,3,0,1
BRDA:48,3,1,1
BRF:8
BRH:8
end_of_record
TN:
SF:controllers/fees/defaulterController.js
FN:5,(anonymous_0)
FN:18,(anonymous_1)
FN:34,(anonymous_2)
FN:54,(anonymous_3)
FN:76,(anonymous_4)
FN:93,(anonymous_5)
FN:118,(anonymous_6)
FN:146,(anonymous_7)
FN:161,(anonymous_8)
FN:165,(anonymous_9)
FN:166,(anonymous_10)
FN:167,(anonymous_11)
FN:168,(anonymous_12)
FN:173,(anonymous_13)
FN:174,(anonymous_14)
FN:175,(anonymous_15)
FNF:16
FNH:16
FNDA:2,(anonymous_0)
FNDA:3,(anonymous_1)
FNDA:2,(anonymous_2)
FNDA:3,(anonymous_3)
FNDA:3,(anonymous_4)
FNDA:3,(anonymous_5)
FNDA:3,(anonymous_6)
FNDA:2,(anonymous_7)
FNDA:3,(anonymous_8)
FNDA:3,(anonymous_9)
FNDA:3,(anonymous_10)
FNDA:3,(anonymous_11)
FNDA:3,(anonymous_12)
FNDA:3,(anonymous_13)
FNDA:3,(anonymous_14)
FNDA:3,(anonymous_15)
DA:1,1
DA:2,1
DA:5,1
DA:6,2
DA:7,2
DA:11,1
DA:13,1
DA:18,1
DA:19,3
DA:20,3
DA:23,2
DA:24,1
DA:27,1
DA:29,1
DA:34,1
DA:35,2
DA:36,2
DA:41,2
DA:42,2
DA:45,1
DA:47,1
DA:49,1
DA:54,1
DA:55,3
DA:56,3
DA:58,3
DA:59,1
DA:63,2
DA:64,2
DA:67,1
DA:69,1
DA:71,1
DA:76,1
DA:77,3
DA:78,3
DA:80,3
DA:81,1
DA:84,2
DA:86,1
DA:88,1
DA:93,1
DA:94,3
DA:95,3
DA:96,3
DA:99,2
DA:100,1
DA:104,1
DA:106,1
DA:108,1
DA:113,1
DA:118,1
DA:119,3
DA:120,3
DA:123,2
DA:124,1
DA:128,1
DA:129,1
DA:131,1
DA:136,1
DA:141,1
DA:146,1
DA:147,2
DA:148,2
DA:151,2
DA:152,2
DA:153,2
DA:156,2
DA:160,1
DA:161,3
DA:164,1
DA:165,3
DA:166,3
DA:167,3
DA:168,3
DA:172,1
DA:173,3
DA:174,3
DA:175,3
DA:178,1
DA:186,1
LF:80
LH:80
BRDA:23,0,0,1
BRDA:23,0,1,1
BRDA:58,1,0,1
BRDA:58,1,1,2
BRDA:80,2,0,1
BRDA:80,2,1,2
BRDA:99,3,0,1
BRDA:99,3,1,1
BRDA:123,4,0,1
BRDA:123,4,1,1
BRDA:152,5,0,2
BRDA:152,5,1,0
BRDA:153,6,0,2
BRDA:153,6,1,0
BRF:14
BRH:12
end_of_record
TN:
SF:controllers/fees/feeAdjustmentController.js
FN:5,(anonymous_0)
FN:18,(anonymous_1)
FN:35,(anonymous_2)
FN:56,(anonymous_3)
FN:78,(anonymous_4)
FNF:5
FNH:5
FNDA:2,(anonymous_0)
FNDA:3,(anonymous_1)
FNDA:2,(anonymous_2)
FNDA:3,(anonymous_3)
FNDA:3,(anonymous_4)
DA:1,1
DA:2,1
DA:5,1
DA:6,2
DA:7,2
DA:11,1
DA:13,1
DA:18,1
DA:19,3
DA:20,3
DA:24,2
DA:25,1
DA:28,1
DA:30,1
DA:35,1
DA:36,2
DA:37,2
DA:43,2
DA:44,2
DA:47,1
DA:49,1
DA:51,1
DA:56,1
DA:57,3
DA:58,3
DA:60,3
DA:61,1
DA:65,2
DA:66,2
DA:69,1
DA:71,1
DA:73,1
DA:78,1
DA:79,3
DA:80,3
DA:82,3
DA:83,1
DA:86,2
DA:88,1
DA:90,1
LF:40
LH:40
BRDA:24,0,0,1
BRDA:24,0,1,1
BRDA:60,1,0,1
BRDA:60,1,1,2
BRDA:82,2,0,1
BRDA:82,2,1,2
BRF:6
BRH:6
end_of_record
TN:
SF:controllers/fees/feeCategoryController.js
FN:4,(anonymous_0)
FN:16,(anonymous_1)
FN:32,(anonymous_2)
FN:50,(anonymous_3)
FN:68,(anonymous_4)
FNF:5
FNH:5
FNDA:2,(anonymous_0)
FNDA:3,(anonymous_1)
FNDA:2,(anonymous_2)
FNDA:3,(anonymous_3)
FNDA:3,(anonymous_4)
DA:1,1
DA:4,1
DA:5,2
DA:6,2
DA:9,1
DA:11,1
DA:16,1
DA:17,3
DA:18,3
DA:21,2
DA:22,1
DA:25,1
DA:27,1
DA:32,1
DA:33,2
DA:34,2
DA:40,2
DA:41,2
DA:43,1
DA:45,1
DA:50,1
DA:51,3
DA:52,3
DA:54,3
DA:55,1
DA:58,2
DA:59,2
DA:61,1
DA:63,1
DA:68,1
DA:69,3
DA:70,3
DA:72,3
DA:73,1
DA:76,2
DA:78,1
DA:80,1
LF:37
LH:37
BRDA:21,0,0,1
BRDA:21,0,1,1
BRDA:54,1,0,1
BRDA:54,1,1,2
BRDA:72,2,0,1
BRDA:72,2,1,2
BRF:6
BRH:6
end_of_record
TN:
SF:controllers/fees/feeDiscountController.js
FN:4,(anonymous_0)
FN:19,(anonymous_1)
FN:38,(anonymous_2)
FN:59,(anonymous_3)
FN:81,(anonymous_4)
FNF:5
FNH:5
FNDA:2,(anonymous_0)
FNDA:3,(anonymous_1)
FNDA:2,(anonymous_2)
FNDA:3,(anonymous_3)
FNDA:3,(anonymous_4)
DA:1,1
DA:4,1
DA:5,2
DA:6,2
DA:12,1
DA:14,1
DA:19,1
DA:20,3
DA:21,3
DA:27,2
DA:28,1
DA:31,1
DA:33,1
DA:38,1
DA:39,2
DA:40,2
DA:46,2
DA:47,2
DA:50,1
DA:52,1
DA:54,1
DA:59,1
DA:60,3
DA:61,3
DA:63,3
DA:64,1
DA:68,2
DA:69,2
DA:72,1
DA:74,1
DA:76,1
DA:81,1
DA:82,3
DA:83,3
DA:85,3
DA:86,1
DA:89,2
DA:91,1
DA:93,1
LF:39
LH:39
BRDA:27,0,0,1
BRDA:27,0,1,1
BRDA:63,1,0,1
BRDA:63,1,1,2
BRDA:85,2,0,1
BRDA:85,2,1,2
BRF:6
BRH:6
end_of_record
TN:
SF:controllers/fees/feeStructureController.js
FN:5,(anonymous_0)
FN:19,(anonymous_1)
FN:44,(anonymous_2)
FN:57,(anonymous_3)
FN:72,(anonymous_4)
FN:91,(anonymous_5)
FNF:6
FNH:6
FNDA:2,(anonymous_0)
FNDA:3,(anonymous_1)
FNDA:3,(anonymous_2)
FNDA:2,(anonymous_3)
FNDA:3,(anonymous_4)
FNDA:3,(anonymous_5)
DA:1,1
DA:2,1
DA:5,1
DA:6,2
DA:7,2
DA:12,1
DA:14,1
DA:19,1
DA:20,3
DA:21,3
DA:26,2
DA:27,1
DA:31,1
DA:34,1
DA:39,1
DA:44,1
DA:45,3
DA:46,3
DA:52,3
DA:53,3
DA:56,2
DA:57,2
DA:62,1
DA:65,2
DA:67,1
DA:72,1
DA:73,3
DA:74,3
DA:76,3
DA:77,1
DA:81,2
DA:82,2
DA:84,1
DA:86,1
DA:91,1
DA:92,3
DA:93,3
DA:95,3
DA:96,1
DA:100,2
DA:103,2
DA:105,1
DA:107,1
LF:43
LH:43
BRDA:26,0,0,1
BRDA:26,0,1,1
BRDA:56,1,0,1
BRDA:56,1,1,1
BRDA:56,2,0,2
BRDA:56,2,1,1
BRDA:76,3,0,1
BRDA:76,3,1,2
BRDA:95,4,0,1
BRDA:95,4,1,2
BRF:10
BRH:10
end_of_record
TN:
SF:controllers/fees/feeTransferController.js
FN:5,(anonymous_0)
FN:18,(anonymous_1)
FN:35,(anonymous_2)
FN:56,(anonymous_3)
FN:78,(anonymous_4)
FN:95,(anonymous_5)
FNF:6
FNH:6
FNDA:2,(anonymous_0)
FNDA:3,(anonymous_1)
FNDA:2,(anonymous_2)
FNDA:3,(anonymous_3)
FNDA:3,(anonymous_4)
FNDA:3,(anonymous_5)
DA:1,1
DA:2,1
DA:5,1
DA:6,2
DA:7,2
DA:11,1
DA:13,1
DA:18,1
DA:19,3
DA:20,3
DA:24,2
DA:25,1
DA:28,1
DA:30,1
DA:35,1
DA:36,2
DA:37,2
DA:43,2
DA:44,2
DA:47,1
DA:49,1
DA:51,1
DA:56,1
DA:57,3
DA:58,3
DA:60,3
DA:61,1
DA:65,2
DA:66,2
DA:69,1
DA:71,1
DA:73,1
DA:78,1
DA:79,3
DA:80,3
DA:82,3
DA:83,1
DA:86,2
DA:88,1
DA:90,1
DA:95,1
DA:96,3
DA:97,3
DA:100,2
DA:101,1
DA:105,1
DA:106,1
DA:107,1
DA:109,1
DA:114,1
DA:119,1
LF:51
LH:51
BRDA:24,0,0,1
BRDA:24,0,1,1
BRDA:60,1,0,1
BRDA:60,1,1,2
BRDA:82,2,0,1
BRDA:82,2,1,2
BRDA:100,3,0,1
BRDA:100,3,1,1
BRF:8
BRH:8
end_of_record
TN:
SF:controllers/fees/installmentPlanController.js
FN:5,(anonymous_0)
FN:18,(anonymous_1)
FN:35,(anonymous_2)
FN:56,(anonymous_3)
FN:78,(anonymous_4)
FNF:5
FNH:5
FNDA:2,(anonymous_0)
FNDA:3,(anonymous_1)
FNDA:2,(anonymous_2)
FNDA:3,(anonymous_3)
FNDA:3,(anonymous_4)
DA:1,1
DA:2,1
DA:5,1
DA:6,2
DA:7,2
DA:11,1
DA:13,1
DA:18,1
DA:19,3
DA:20,3
DA:24,2
DA:25,1
DA:28,1
DA:30,1
DA:35,1
DA:36,2
DA:37,2
DA:43,2
DA:44,2
DA:47,1
DA:49,1
DA:51,1
DA:56,1
DA:57,3
DA:58,3
DA:60,3
DA:61,1
DA:65,2
DA:66,2
DA:69,1
DA:71,1
DA:73,1
DA:78,1
DA:79,3
DA:80,3
DA:82,3
DA:83,1
DA:86,2
DA:88,1
DA:90,1
LF:40
LH:40
BRDA:24,0,0,1
BRDA:24,0,1,1
BRDA:60,1,0,1
BRDA:60,1,1,2
BRDA:82,2,0,1
BRDA:82,2,1,2
BRF:6
BRH:6
end_of_record
TN:
SF:controllers/fees/invoiceController.js
FN:5,(anonymous_0)
FN:19,(anonymous_1)
FN:37,(anonymous_2)
FN:58,(anonymous_3)
FN:80,(anonymous_4)
FN:97,(anonymous_5)
FNF:6
FNH:6
FNDA:2,(anonymous_0)
FNDA:3,(anonymous_1)
FNDA:2,(anonymous_2)
FNDA:3,(anonymous_3)
FNDA:3,(anonymous_4)
FNDA:3,(anonymous_5)
DA:1,1
DA:2,1
DA:5,1
DA:6,2
DA:7,2
DA:12,1
DA:14,1
DA:19,1
DA:20,3
DA:21,3
DA:26,2
DA:27,1
DA:30,1
DA:32,1
DA:37,1
DA:38,2
DA:39,2
DA:45,2
DA:46,2
DA:49,1
DA:51,1
DA:53,1
DA:58,1
DA:59,3
DA:60,3
DA:62,3
DA:63,1
DA:67,2
DA:68,2
DA:71,1
DA:73,1
DA:75,1
DA:80,1
DA:81,3
DA:82,3
DA:84,3
DA:85,1
DA:88,2
DA:90,1
DA:92,1
DA:97,1
DA:98,3
DA:99,3
DA:103,2
DA:104,1
DA:108,1
DA:109,1
DA:110,1
DA:115,1
DA:120,1
LF:50
LH:50
BRDA:26,0,0,1
BRDA:26,0,1,1
BRDA:62,1,0,1
BRDA:62,1,1,2
BRDA:84,2,0,1
BRDA:84,2,1,2
BRDA:103,3,0,1
BRDA:103,3,1,1
BRF:8
BRH:8
end_of_record
TN:
SF:controllers/fees/learnerFeeController.js
FN:6,(anonymous_0)
FN:20,(anonymous_1)
FN:38,(anonymous_2)
FN:59,(anonymous_3)
FN:81,(anonymous_4)
FN:98,(anonymous_5)
FN:112,(anonymous_6)
FNF:7
FNH:7
FNDA:2,(anonymous_0)
FNDA:3,(anonymous_1)
FNDA:2,(anonymous_2)
FNDA:3,(anonymous_3)
FNDA:3,(anonymous_4)
FNDA:3,(anonymous_5)
FNDA:2,(anonymous_6)
DA:1,1
DA:2,1
DA:3,1
DA:6,1
DA:7,2
DA:8,2
DA:13,1
DA:15,1
DA:20,1
DA:21,3
DA:22,3
DA:27,2
DA:28,1
DA:31,1
DA:33,1
DA:38,1
DA:39,2
DA:40,2
DA:46,2
DA:47,2
DA:50,1
DA:52,1
DA:54,1
DA:59,1
DA:60,3
DA:61,3
DA:63,3
DA:64,1
DA:68,2
DA:69,2
DA:72,1
DA:74,1
DA:76,1
DA:81,1
DA:82,3
DA:83,3
DA:85,3
DA:86,1
DA:89,2
DA:91,1
DA:93,1
DA:98,1
DA:99,3
DA:100,3
DA:103,3
DA:104,2
DA:105,1
DA:109,1
DA:112,2
DA:115,1
DA:116,1
DA:117,2
DA:131,2
DA:132,2
DA:133,2
DA:134,2
DA:137,1
DA:139,1
LF:58
LH:58
BRDA:27,0,0,1
BRDA:27,0,1,1
BRDA:63,1,0,1
BRDA:63,1,1,2
BRDA:85,2,0,1
BRDA:85,2,1,2
BRDA:104,3,0,1
BRDA:104,3,1,1
BRF:8
BRH:8
end_of_record
TN:
SF:controllers/fees/paymentController.js
FN:7,(anonymous_0)
FN:20,(anonymous_1)
FN:37,(anonymous_2)
FN:50,(anonymous_3)
FN:83,(anonymous_4)
FN:101,(anonymous_5)
FNF:6
FNH:6
FNDA:2,(anonymous_0)
FNDA:3,(anonymous_1)
FNDA:3,(anonymous_2)
FNDA:2,(anonymous_3)
FNDA:3,(anonymous_4)
FNDA:3,(anonymous_5)
DA:1,1
DA:2,1
DA:3,1
DA:4,1
DA:7,1
DA:8,2
DA:9,2
DA:13,1
DA:15,1
DA:20,1
DA:21,3
DA:22,3
DA:26,2
DA:27,1
DA:30,1
DA:32,1
DA:37,1
DA:38,3
DA:39,3
DA:45,3
DA:46,3
DA:49,2
DA:50,2
DA:55,1
DA:58,1
DA:59,2
DA:60,2
DA:61,2
DA:62,2
DA:65,2
DA:66,2
DA:67,0
DA:68,0
DA:71,2
DA:76,2
DA:78,1
DA:83,1
DA:84,3
DA:85,3
DA:87,3
DA:88,1
DA:91,2
DA:92,2
DA:94,1
DA:96,1
DA:101,1
DA:102,3
DA:103,3
DA:105,3
DA:106,1
DA:110,2
DA:112,2
DA:114,1
DA:116,1
LF:54
LH:52
BRDA:26,0,0,1
BRDA:26,0,1,1
BRDA:49,1,0,1
BRDA:49,1,1,1
BRDA:49,2,0,2
BRDA:49,2,1,1
BRDA:60,3,0,2
BRDA:60,3,1,0
BRDA:65,4,0,2
BRDA:65,4,1,0
BRDA:67,5,0,0
BRDA:67,5,1,0
BRDA:87,6,0,1
BRDA:87,6,1,2
BRDA:105,7,0,1
BRDA:105,7,1,2
BRF:16
BRH:12
end_of_record
TN:
SF:controllers/fees/receiptController.js
FN:5,(anonymous_0)
FN:19,(anonymous_1)
FN:37,(anonymous_2)
FN:58,(anonymous_3)
FN:80,(anonymous_4)
FNF:5
FNH:5
FNDA:2,(anonymous_0)
FNDA:3,(anonymous_1)
FNDA:2,(anonymous_2)
FNDA:3,(anonymous_3)
FNDA:3,(anonymous_4)
DA:1,1
DA:2,1
DA:5,1
DA:6,2
DA:7,2
DA:12,1
DA:14,1
DA:19,1
DA:20,3
DA:21,3
DA:26,2
DA:27,1
DA:30,1
DA:32,1
DA:37,1
DA:38,2
DA:39,2
DA:45,2
DA:46,2
DA:49,1
DA:51,1
DA:53,1
DA:58,1
DA:59,3
DA:60,3
DA:62,3
DA:63,1
DA:67,2
DA:68,2
DA:71,1
DA:73,1
DA:75,1
DA:80,1
DA:81,3
DA:82,3
DA:84,3
DA:85,1
DA:88,2
DA:90,1
DA:92,1
LF:40
LH:40
BRDA:26,0,0,1
BRDA:26,0,1,1
BRDA:62,1,0,1
BRDA:62,1,1,2
BRDA:84,2,0,1
BRDA:84,2,1,2
BRF:6
BRH:6
end_of_record
TN:
SF:controllers/fees/reportingController.js
FN:12,(anonymous_0)
FN:57,(anonymous_1)
FN:80,(anonymous_2)
FN:84,(anonymous_3)
FN:106,(anonymous_4)
FN:125,(anonymous_5)
FN:137,(anonymous_6)
FN:166,(anonymous_7)
FN:189,(anonymous_8)
FN:201,(anonymous_9)
FN:219,(anonymous_10)
FN:232,(anonymous_11)
FN:248,(anonymous_12)
FN:252,(anonymous_13)
FN:253,(anonymous_14)
FN:254,(anonymous_15)
FN:255,(anonymous_16)
FN:260,(anonymous_17)
FN:261,(anonymous_18)
FN:262,(anonymous_19)
FN:278,(anonymous_20)
FN:299,(anonymous_21)
FN:317,(anonymous_22)
FNF:23
FNH:23
FNDA:3,(anonymous_0)
FNDA:2,(anonymous_1)
FNDA:2,(anonymous_2)
FNDA:2,(anonymous_3)
FNDA:2,(anonymous_4)
FNDA:2,(anonymous_5)
FNDA:2,(anonymous_6)
FNDA:2,(anonymous_7)
FNDA:1,(anonymous_8)
FNDA:2,(anonymous_9)
FNDA:1,(anonymous_10)
FNDA:2,(anonymous_11)
FNDA:2,(anonymous_12)
FNDA:2,(anonymous_13)
FNDA:2,(anonymous_14)
FNDA:2,(anonymous_15)
FNDA:2,(anonymous_16)
FNDA:2,(anonymous_17)
FNDA:2,(anonymous_18)
FNDA:2,(anonymous_19)
FNDA:1,(anonymous_20)
FNDA:2,(anonymous_21)
FNDA:2,(anonymous_22)
DA:1,1
DA:2,1
DA:3,1
DA:4,1
DA:5,1
DA:6,1
DA:7,1
DA:8,1
DA:9,1
DA:12,1
DA:13,3
DA:14,3
DA:17,3
DA:18,3
DA:19,3
DA:22,3
DA:28,2
DA:34,2
DA:40,2
DA:45,2
DA:52,1
DA:57,1
DA:58,2
DA:59,2
DA:62,2
DA:63,2
DA:64,2
DA:67,2
DA:68,2
DA:69,2
DA:70,2
DA:74,2
DA:80,2
DA:83,1
DA:84,1
DA:85,2
DA:86,2
DA:91,2
DA:92,2
DA:95,1
DA:101,1
DA:106,1
DA:107,2
DA:108,2
DA:111,2
DA:115,2
DA:116,2
DA:119,2
DA:125,2
DA:127,1
DA:132,1
DA:137,1
DA:138,2
DA:139,2
DA:142,2
DA:150,1
DA:156,1
DA:161,1
DA:166,1
DA:167,2
DA:168,2
DA:171,2
DA:172,2
DA:173,2
DA:176,2
DA:177,2
DA:178,2
DA:179,2
DA:183,2
DA:189,1
DA:191,1
DA:196,1
DA:201,1
DA:202,2
DA:203,2
DA:206,2
DA:207,2
DA:208,2
DA:209,2
DA:212,2
DA:218,1
DA:219,1
DA:221,1
DA:227,1
DA:232,1
DA:233,2
DA:234,2
DA:237,2
DA:238,2
DA:239,2
DA:242,2
DA:247,1
DA:248,2
DA:251,1
DA:252,2
DA:253,2
DA:254,2
DA:255,2
DA:259,1
DA:260,2
DA:261,2
DA:262,2
DA:265,1
DA:273,1
DA:278,1
DA:279,1
DA:280,1
DA:283,1
DA:284,1
DA:289,1
DA:294,0
DA:299,1
DA:300,2
DA:301,2
DA:304,2
DA:305,2
DA:306,2
DA:309,2
DA:317,2
DA:319,1
DA:324,1
LF:121
LH:120
BRDA:18,0,0,2
BRDA:18,0,1,1
BRDA:19,1,0,2
BRDA:19,1,1,1
BRDA:46,2,0,1
BRDA:46,2,1,1
BRDA:47,3,0,1
BRDA:47,3,1,1
BRDA:48,4,0,1
BRDA:48,4,1,1
BRDA:63,5,0,1
BRDA:63,5,1,1
BRDA:64,6,0,1
BRDA:64,6,1,1
BRDA:67,7,0,2
BRDA:67,7,1,0
BRDA:67,8,0,2
BRDA:67,8,1,0
BRDA:69,9,0,2
BRDA:69,9,1,0
BRDA:70,10,0,2
BRDA:70,10,1,0
BRDA:85,11,0,2
BRDA:85,11,1,0
BRDA:115,12,0,2
BRDA:115,12,1,0
BRDA:116,13,0,2
BRDA:116,13,1,0
BRDA:172,14,0,1
BRDA:172,14,1,1
BRDA:173,15,0,1
BRDA:173,15,1,1
BRDA:176,16,0,2
BRDA:176,16,1,0
BRDA:176,17,0,2
BRDA:176,17,1,0
BRDA:178,18,0,2
BRDA:178,18,1,0
BRDA:179,19,0,2
BRDA:179,19,1,0
BRDA:207,20,0,2
BRDA:207,20,1,0
BRDA:208,21,0,2
BRDA:208,21,1,0
BRDA:209,22,0,1
BRDA:209,22,1,1
BRDA:238,23,0,2
BRDA:238,23,1,0
BRDA:239,24,0,2
BRDA:239,24,1,0
BRDA:284,25,0,1
BRDA:284,25,1,0
BRDA:305,26,0,2
BRDA:305,26,1,0
BRDA:306,27,0,2
BRDA:306,27,1,0
BRF:56
BRH:38
end_of_record
TN:
SF:controllers/payment/PaymentController.js
FN:49,(anonymous_0)
FN:90,(anonymous_1)
FNF:2
FNH:0
FNDA:0,(anonymous_0)
FNDA:0,(anonymous_1)
DA:1,0
DA:2,0
DA:3,0
DA:4,0
DA:5,0
DA:6,0
DA:7,0
DA:8,0
DA:9,0
DA:10,0
DA:11,0
DA:12,0
DA:13,0
DA:49,0
DA:50,0
DA:52,0
DA:53,0
DA:54,0
DA:55,0
DA:56,0
DA:58,0
DA:59,0
DA:60,0
DA:61,0
DA:64,0
DA:65,0
DA:66,0
DA:67,0
DA:68,0
DA:70,0
DA:72,0
DA:73,0
DA:74,0
DA:75,0
DA:76,0
DA:79,0
DA:81,0
DA:84,0
DA:86,0
DA:87,0
DA:90,0
DA:91,0
DA:92,0
DA:95,0
DA:98,0
DA:105,0
DA:106,0
LF:47
LH:0
BRDA:53,0,0,0
BRDA:53,0,1,0
BRDA:55,1,0,0
BRDA:55,1,1,0
BRDA:60,2,0,0
BRDA:60,2,1,0
BRDA:64,3,0,0
BRDA:64,3,1,0
BRDA:72,4,0,0
BRDA:72,4,1,0
BRF:10
BRH:0
end_of_record
TN:
SF:controllers/portal/auth/auth_controller.js
FN:23,(anonymous_0)
FN:154,(anonymous_1)
FN:187,(anonymous_2)
FNF:3
FNH:0
FNDA:0,(anonymous_0)
FNDA:0,(anonymous_1)
FNDA:0,(anonymous_2)
DA:1,0
DA:2,0
DA:3,0
DA:4,0
DA:5,0
DA:6,0
DA:7,0
DA:8,0
DA:9,0
DA:10,0
DA:11,0
DA:12,0
DA:13,0
DA:14,0
DA:15,0
DA:16,0
DA:17,0
DA:18,0
DA:19,0
DA:20,0
DA:21,0
DA:23,0
DA:24,0
DA:25,0
DA:26,0
DA:28,0
DA:29,0
DA:30,0
DA:32,0
DA:36,0
DA:38,0
DA:39,0
DA:46,0
DA:47,0
DA:53,0
DA:54,0
DA:55,0
DA:65,0
DA:66,0
DA:72,0
DA:73,0
DA:83,0
DA:84,0
DA:90,0
DA:91,0
DA:101,0
DA:102,0
DA:108,0
DA:118,0
DA:121,0
DA:131,0
DA:133,0
DA:142,0
DA:149,0
DA:150,0
DA:154,0
DA:155,0
DA:156,0
DA:157,0
DA:159,0
DA:160,0
DA:161,0
DA:164,0
DA:171,0
DA:173,0
DA:175,0
DA:182,0
DA:183,0
DA:187,0
DA:188,0
DA:189,0
DA:190,0
DA:192,0
DA:193,0
DA:194,0
DA:197,0
DA:198,0
DA:205,0
DA:207,0
DA:209,0
DA:216,0
DA:217,0
DA:221,0
LF:83
LH:0
BRDA:24,0,0,0
BRDA:24,0,1,0
BRDA:38,1,0,0
BRDA:38,1,1,0
BRDA:40,2,0,0
BRDA:40,2,1,0
BRDA:54,3,0,0
BRDA:54,3,1,0
BRDA:72,4,0,0
BRDA:72,4,1,0
BRDA:90,5,0,0
BRDA:90,5,1,0
BRDA:112,6,0,0
BRDA:112,6,1,0
BRDA:135,7,0,0
BRDA:135,7,1,0
BRDA:143,8,0,0
BRDA:143,8,1,0
BRDA:149,9,0,0
BRDA:149,9,1,0
BRDA:155,10,0,0
BRDA:155,10,1,0
BRDA:176,11,0,0
BRDA:176,11,1,0
BRDA:182,12,0,0
BRDA:182,12,1,0
BRDA:188,13,0,0
BRDA:188,13,1,0
BRDA:197,14,0,0
BRDA:197,14,1,0
BRF:30
BRH:0
end_of_record
TN:
SF:controllers/portal/auth/learner_auth_controller.js
FN:19,(anonymous_0)
FN:76,(anonymous_1)
FN:86,(anonymous_2)
FNF:3
FNH:0
FNDA:0,(anonymous_0)
FNDA:0,(anonymous_1)
FNDA:0,(anonymous_2)
DA:1,0
DA:2,0
DA:3,0
DA:4,0
DA:5,0
DA:6,0
DA:7,0
DA:8,0
DA:9,0
DA:10,0
DA:11,0
DA:12,0
DA:13,0
DA:14,0
DA:15,0
DA:16,0
DA:17,0
DA:18,0
DA:19,0
DA:20,0
DA:21,0
DA:22,0
DA:23,0
DA:25,0
DA:31,0
DA:32,0
DA:33,0
DA:38,0
DA:39,0
DA:40,0
DA:45,0
DA:46,0
DA:52,0
DA:53,0
DA:56,0
DA:65,0
DA:71,0
DA:72,0
DA:76,0
DA:77,0
DA:78,0
DA:79,0
DA:81,0
DA:82,0
DA:86,0
DA:87,0
DA:88,0
DA:89,0
DA:90,0
DA:92,0
DA:93,0
DA:97,0
LF:52
LH:0
BRDA:32,0,0,0
BRDA:32,0,1,0
BRDA:39,1,0,0
BRDA:39,1,1,0
BRDA:45,2,0,0
BRDA:45,2,1,0
BRDA:52,3,0,0
BRDA:52,3,1,0
BRF:8
BRH:0
end_of_record
TN:
SF:controllers/portal/auth/metadata_controller.js
FN:6,county_data
FN:10,(anonymous_1)
FNF:2
FNH:0
FNDA:0,county_data
FNDA:0,(anonymous_1)
DA:1,0
DA:2,0
DA:4,0
DA:7,0
DA:9,0
DA:10,0
DA:12,0
DA:13,0
DA:15,0
DA:21,0
DA:25,0
DA:27,0
LF:12
LH:0
BRDA:9,0,0,0
BRDA:9,0,1,0
BRDA:12,1,0,0
BRDA:12,1,1,0
BRF:4
BRH:0
end_of_record
TN:
SF:controllers/portal/auth/roles copy.js
FN:12,(anonymous_0)
FN:31,(anonymous_1)
FN:71,(anonymous_2)
FN:91,(anonymous_3)
FN:112,(anonymous_4)
FNF:5
FNH:0
FNDA:0,(anonymous_0)
FNDA:0,(anonymous_1)
FNDA:0,(anonymous_2)
FNDA:0,(anonymous_3)
FNDA:0,(anonymous_4)
DA:1,0
DA:2,0
DA:3,0
DA:4,0
DA:5,0
DA:7,0
DA:9,0
DA:13,0
DA:14,0
DA:15,0
DA:18,0
DA:19,0
DA:20,0
DA:21,0
DA:22,0
DA:24,0
DA:31,0
DA:32,0
DA:33,0
DA:34,0
DA:36,0
DA:38,0
DA:40,0
DA:43,0
DA:44,0
DA:45,0
DA:47,0
DA:49,0
DA:66,0
DA:71,0
DA:72,0
DA:73,0
DA:74,0
DA:75,0
DA:76,0
DA:78,0
DA:79,0
DA:81,0
DA:86,0
DA:91,0
DA:92,0
DA:93,0
DA:94,0
DA:97,0
DA:98,0
DA:99,0
DA:100,0
DA:101,0
DA:102,0
DA:104,0
DA:106,0
DA:107,0
DA:112,0
DA:113,0
DA:114,0
DA:115,0
DA:116,0
DA:117,0
DA:119,0
DA:121,0
DA:125,0
LF:61
LH:0
BRDA:14,0,0,0
BRDA:14,0,1,0
BRDA:33,1,0,0
BRDA:33,1,1,0
BRDA:34,2,0,0
BRDA:34,2,1,0
BRDA:36,3,0,0
BRDA:36,3,1,0
BRDA:76,4,0,0
BRDA:76,4,1,0
BRDA:76,5,0,0
BRDA:76,5,1,0
BRDA:78,6,0,0
BRDA:78,6,1,0
BRDA:93,7,0,0
BRDA:93,7,1,0
BRDA:101,8,0,0
BRDA:101,8,1,0
BRDA:116,9,0,0
BRDA:116,9,1,0
BRF:20
BRH:0
end_of_record
TN:
SF:controllers/portal/auth/roles.js
FN:14,(anonymous_0)
FN:35,(anonymous_1)
FN:45,(anonymous_2)
FN:61,(anonymous_3)
FN:79,(anonymous_4)
FN:95,(anonymous_5)
FNF:6
FNH:0
FNDA:0,(anonymous_0)
FNDA:0,(anonymous_1)
FNDA:0,(anonymous_2)
FNDA:0,(anonymous_3)
FNDA:0,(anonymous_4)
FNDA:0,(anonymous_5)
DA:1,0
DA:2,0
DA:3,0
DA:5,0
DA:8,0
DA:20,0
DA:21,0
DA:24,0
DA:25,0
DA:27,0
DA:29,0
DA:35,0
DA:36,0
DA:37,0
DA:38,0
DA:40,0
DA:45,0
DA:46,0
DA:47,0
DA:48,0
DA:50,0
DA:51,0
DA:54,0
DA:56,0
DA:61,0
DA:62,0
DA:63,0
DA:64,0
DA:66,0
DA:68,0
DA:69,0
DA:72,0
DA:74,0
DA:79,0
DA:80,0
DA:81,0
DA:82,0
DA:84,0
DA:85,0
DA:88,0
DA:90,0
DA:95,0
DA:96,0
DA:97,0
DA:98,0
DA:100,0
DA:101,0
DA:104,0
DA:105,0
DA:108,0
DA:109,0
DA:110,0
DA:113,0
DA:114,0
DA:116,0
DA:118,0
DA:122,0
LF:57
LH:0
BRDA:50,0,0,0
BRDA:50,0,1,0
BRDA:68,1,0,0
BRDA:68,1,1,0
BRDA:84,2,0,0
BRDA:84,2,1,0
BRDA:100,3,0,0
BRDA:100,3,1,0
BRDA:100,4,0,0
BRDA:100,4,1,0
BRDA:104,5,0,0
BRDA:104,5,1,0
BRDA:109,6,0,0
BRDA:109,6,1,0
BRF:14
BRH:0
end_of_record
TN:
SF:controllers/portal/auth/users_controller.js
FN:13,(anonymous_0)
FN:32,(anonymous_1)
FN:63,(anonymous_2)
FN:91,(anonymous_3)
FN:117,(anonymous_4)
FN:141,(anonymous_5)
FN:166,(anonymous_6)
FN:174,(anonymous_7)
FN:189,(anonymous_8)
FN:204,(anonymous_9)
FNF:10
FNH:0
FNDA:0,(anonymous_0)
FNDA:0,(anonymous_1)
FNDA:0,(anonymous_2)
FNDA:0,(anonymous_3)
FNDA:0,(anonymous_4)
FNDA:0,(anonymous_5)
FNDA:0,(anonymous_6)
FNDA:0,(anonymous_7)
FNDA:0,(anonymous_8)
FNDA:0,(anonymous_9)
DA:1,0
DA:2,0
DA:3,0
DA:4,0
DA:5,0
DA:6,0
DA:7,0
DA:8,0
DA:11,0
DA:12,0
DA:13,0
DA:14,0
DA:15,0
DA:16,0
DA:23,0
DA:24,0
DA:26,0
DA:27,0
DA:30,0
DA:32,0
DA:33,0
DA:34,0
DA:35,0
DA:36,0
DA:38,0
DA:39,0
DA:40,0
DA:41,0
DA:43,0
DA:44,0
DA:46,0
DA:58,0
DA:59,0
DA:63,0
DA:64,0
DA:65,0
DA:66,0
DA:67,0
DA:70,0
DA:72,0
DA:73,0
DA:79,0
DA:85,0
DA:86,0
DA:91,0
DA:92,0
DA:93,0
DA:94,0
DA:95,0
DA:96,0
DA:99,0
DA:107,0
DA:113,0
DA:114,0
DA:117,0
DA:118,0
DA:119,0
DA:120,0
DA:121,0
DA:123,0
DA:131,0
DA:137,0
DA:138,0
DA:141,0
DA:142,0
DA:143,0
DA:144,0
DA:145,0
DA:148,0
DA:156,0
DA:162,0
DA:163,0
DA:166,0
DA:167,0
DA:168,0
DA:169,0
DA:170,0
DA:171,0
DA:174,0
DA:175,0
DA:177,0
DA:178,0
DA:183,0
DA:184,0
DA:186,0
DA:189,0
DA:190,0
DA:192,0
DA:193,0
DA:198,0
DA:199,0
DA:201,0
DA:204,0
DA:205,0
DA:206,0
DA:207,0
DA:209,0
DA:210,0
DA:213,0
DA:221,0
DA:222,0
DA:225,0
DA:227,0
DA:231,0
LF:104
LH:0
BRDA:23,0,0,0
BRDA:23,0,1,0
BRDA:34,1,0,0
BRDA:34,1,1,0
BRDA:35,2,0,0
BRDA:35,2,1,0
BRDA:38,3,0,0
BRDA:38,3,1,0
BRDA:66,4,0,0
BRDA:66,4,1,0
BRDA:72,5,0,0
BRDA:72,5,1,0
BRDA:95,6,0,0
BRDA:95,6,1,0
BRDA:120,7,0,0
BRDA:120,7,1,0
BRDA:144,8,0,0
BRDA:144,8,1,0
BRDA:183,9,0,0
BRDA:183,9,1,0
BRDA:198,10,0,0
BRDA:198,10,1,0
BRDA:209,11,0,0
BRDA:209,11,1,0
BRDA:218,12,0,0
BRDA:218,12,1,0
BRDA:221,13,0,0
BRDA:221,13,1,0
BRF:28
BRH:0
end_of_record
TN:
SF:controllers/portal/content/AcademicYearController.js
FN:9,(anonymous_0)
FN:28,(anonymous_1)
FN:47,(anonymous_2)
FN:70,(anonymous_3)
FN:89,(anonymous_4)
FN:112,(anonymous_5)
FN:122,(anonymous_6)
FNF:7
FNH:0
FNDA:0,(anonymous_0)
FNDA:0,(anonymous_1)
FNDA:0,(anonymous_2)
FNDA:0,(anonymous_3)
FNDA:0,(anonymous_4)
FNDA:0,(anonymous_5)
FNDA:0,(anonymous_6)
DA:1,0
DA:2,0
DA:3,0
DA:4,0
DA:6,0
DA:9,0
DA:10,0
DA:11,0
DA:12,0
DA:13,0
DA:15,0
DA:16,0
DA:18,0
DA:23,0
DA:29,0
DA:30,0
DA:33,0
DA:39,0
DA:40,0
DA:44,0
DA:48,0
DA:49,0
DA:50,0
DA:52,0
DA:53,0
DA:54,0
DA:56,0
DA:57,0
DA:58,0
DA:60,0
DA:65,0
DA:71,0
DA:72,0
DA:86,0
DA:90,0
DA:91,0
DA:92,0
DA:94,0
DA:95,0
DA:96,0
DA:97,0
DA:99,0
DA:100,0
DA:101,0
DA:103,0
DA:109,0
DA:113,0
DA:116,0
DA:117,0
DA:118,0
DA:123,0
DA:124,0
DA:125,0
DA:127,0
DA:128,0
DA:129,0
DA:130,0
DA:132,0
DA:137,0
LF:59
LH:0
BRDA:39,0,0,0
BRDA:39,0,1,0
BRDA:49,1,0,0
BRDA:49,1,1,0
BRDA:91,2,0,0
BRDA:91,2,1,0
BRDA:117,3,0,0
BRDA:117,3,1,0
BRDA:124,4,0,0
BRDA:124,4,1,0
BRF:10
BRH:0
end_of_record
TN:
SF:controllers/portal/content/AssessmentContoller.js
FN:30,(anonymous_0)
FN:37,(anonymous_1)
FN:47,(anonymous_2)
FN:77,(anonymous_3)
FN:108,(anonymous_4)
FN:354,logSuccess
FN:368,logFailure
FN:383,(anonymous_7)
FN:429,(anonymous_8)
FN:517,(anonymous_9)
FN:531,(anonymous_10)
FN:549,(anonymous_11)
FN:554,(anonymous_12)
FN:560,(anonymous_13)
FN:563,(anonymous_14)
FN:575,(anonymous_15)
FN:651,(anonymous_16)
FN:675,(anonymous_17)
FN:676,(anonymous_18)
FN:691,(anonymous_19)
FN:742,(anonymous_20)
FN:784,(anonymous_21)
FN:858,(anonymous_22)
FN:862,(anonymous_23)
FN:879,(anonymous_24)
FN:930,(anonymous_25)
FNF:26
FNH:0
FNDA:0,(anonymous_0)
FNDA:0,(anonymous_1)
FNDA:0,(anonymous_2)
FNDA:0,(anonymous_3)
FNDA:0,(anonymous_4)
FNDA:0,logSuccess
FNDA:0,logFailure
FNDA:0,(anonymous_7)
FNDA:0,(anonymous_8)
FNDA:0,(anonymous_9)
FNDA:0,(anonymous_10)
FNDA:0,(anonymous_11)
FNDA:0,(anonymous_12)
FNDA:0,(anonymous_13)
FNDA:0,(anonymous_14)
FNDA:0,(anonymous_15)
FNDA:0,(anonymous_16)
FNDA:0,(anonymous_17)
FNDA:0,(anonymous_18)
FNDA:0,(anonymous_19)
FNDA:0,(anonymous_20)
FNDA:0,(anonymous_21)
FNDA:0,(anonymous_22)
FNDA:0,(anonymous_23)
FNDA:0,(anonymous_24)
FNDA:0,(anonymous_25)
DA:1,0
DA:2,0
DA:3,0
DA:4,0
DA:5,0
DA:6,0
DA:7,0
DA:8,0
DA:9,0
DA:10,0
DA:11,0
DA:12,0
DA:13,0
DA:14,0
DA:15,0
DA:16,0
DA:17,0
DA:18,0
DA:19,0
DA:20,0
DA:21,0
DA:23,0
DA:24,0
DA:26,0
DA:29,0
DA:31,0
DA:32,0
DA:33,0
DA:35,0
DA:38,0
DA:39,0
DA:44,0
DA:48,0
DA:49,0
DA:50,0
DA:51,0
DA:52,0
DA:54,0
DA:59,0
DA:77,0
DA:78,0
DA:79,0
DA:80,0
DA:81,0
DA:82,0
DA:84,0
DA:95,0
DA:96,0
DA:98,0
DA:102,0
DA:109,0
DA:110,0
DA:111,0
DA:112,0
DA:113,0
DA:115,0
DA:116,0
DA:117,0
DA:118,0
DA:119,0
DA:120,0
DA:121,0
DA:124,0
DA:125,0
DA:126,0
DA:130,0
DA:131,0
DA:132,0
DA:135,0
DA:137,0
DA:139,0
DA:145,0
DA:146,0
DA:148,0
DA:159,0
DA:160,0
DA:164,0
DA:171,0
DA:172,0
DA:173,0
DA:174,0
DA:176,0
DA:177,0
DA:179,0
DA:180,0
DA:182,0
DA:183,0
DA:185,0
DA:186,0
DA:188,0
DA:193,0
DA:194,0
DA:195,0
DA:196,0
DA:200,0
DA:226,0
DA:227,0
DA:229,0
DA:242,0
DA:243,0
DA:249,0
DA:250,0
DA:251,0
DA:262,0
DA:263,0
DA:355,0
DA:369,0
DA:383,0
DA:384,0
DA:385,0
DA:386,0
DA:388,0
DA:389,0
DA:397,0
DA:408,0
DA:409,0
DA:412,0
DA:423,0
DA:424,0
DA:429,0
DA:430,0
DA:431,0
DA:432,0
DA:434,0
DA:435,0
DA:436,0
DA:437,0
DA:440,0
DA:441,0
DA:452,0
DA:453,0
DA:459,0
DA:468,0
DA:471,0
DA:481,0
DA:492,0
DA:495,0
DA:501,0
DA:512,0
DA:513,0
DA:517,0
DA:518,0
DA:520,0
DA:522,0
DA:524,0
DA:526,0
DA:528,0
DA:531,0
DA:532,0
DA:534,0
DA:536,0
DA:538,0
DA:540,0
DA:542,0
DA:544,0
DA:549,0
DA:550,0
DA:551,0
DA:552,0
DA:554,0
DA:556,0
DA:557,0
DA:559,0
DA:560,0
DA:562,0
DA:563,0
DA:565,0
DA:571,0
DA:575,0
DA:576,0
DA:577,0
DA:578,0
DA:580,0
DA:581,0
DA:582,0
DA:584,0
DA:585,0
DA:596,0
DA:597,0
DA:601,0
DA:602,0
DA:613,0
DA:614,0
DA:617,0
DA:618,0
DA:623,0
DA:624,0
DA:627,0
DA:632,0
DA:636,0
DA:640,0
DA:641,0
DA:643,0
DA:650,0
DA:651,0
DA:654,0
DA:655,0
DA:656,0
DA:658,0
DA:675,0
DA:676,0
DA:677,0
DA:678,0
DA:682,0
DA:691,0
DA:692,0
DA:693,0
DA:704,0
DA:705,0
DA:708,0
DA:719,0
DA:720,0
DA:721,0
DA:722,0
DA:725,0
DA:736,0
DA:737,0
DA:742,0
DA:743,0
DA:744,0
DA:745,0
DA:747,0
DA:748,0
DA:749,0
DA:755,0
DA:756,0
DA:767,0
DA:768,0
DA:771,0
DA:773,0
DA:776,0
DA:780,0
DA:781,0
DA:782,0
DA:783,0
DA:784,0
DA:787,0
DA:845,0
DA:846,0
DA:847,0
DA:848,0
DA:849,0
DA:850,0
DA:852,0
DA:853,0
DA:854,0
DA:855,0
DA:858,0
DA:859,0
DA:863,0
DA:864,0
DA:869,0
DA:879,0
DA:880,0
DA:881,0
DA:892,0
DA:893,0
DA:896,0
DA:907,0
DA:908,0
DA:909,0
DA:910,0
DA:913,0
DA:924,0
DA:925,0
DA:930,0
DA:931,0
DA:932,0
DA:933,0
DA:935,0
DA:936,0
DA:937,0
DA:939,0
DA:940,0
DA:951,0
DA:952,0
DA:955,0
DA:956,0
DA:966,0
DA:977,0
DA:978,0
DA:982,0
DA:993,0
DA:994,0
DA:998,0
LF:285
LH:0
BRDA:32,0,0,0
BRDA:32,0,1,0
BRDA:51,1,0,0
BRDA:51,1,1,0
BRDA:51,2,0,0
BRDA:51,2,1,0
BRDA:79,3,0,0
BRDA:79,3,1,0
BRDA:80,4,0,0
BRDA:80,4,1,0
BRDA:86,5,0,0
BRDA:86,5,1,0
BRDA:111,6,0,0
BRDA:111,6,1,0
BRDA:120,7,0,0
BRDA:120,7,1,0
BRDA:125,8,0,0
BRDA:125,8,1,0
BRDA:131,9,0,0
BRDA:131,9,1,0
BRDA:137,10,0,0
BRDA:137,10,1,0
BRDA:171,11,0,0
BRDA:171,11,1,0
BRDA:172,12,0,0
BRDA:172,12,1,0
BRDA:173,13,0,0
BRDA:173,13,1,0
BRDA:173,14,0,0
BRDA:173,14,1,0
BRDA:174,15,0,0
BRDA:174,15,1,0
BRDA:174,15,2,0
BRDA:174,15,3,0
BRDA:174,15,4,0
BRDA:193,16,0,0
BRDA:193,16,1,0
BRDA:194,17,0,0
BRDA:194,17,1,0
BRDA:211,18,0,0
BRDA:211,18,1,0
BRDA:214,19,0,0
BRDA:214,19,1,0
BRDA:214,20,0,0
BRDA:214,20,1,0
BRDA:215,21,0,0
BRDA:215,21,1,0
BRDA:217,22,0,0
BRDA:217,22,1,0
BRDA:217,22,2,0
BRDA:239,23,0,0
BRDA:239,23,1,0
BRDA:242,24,0,0
BRDA:242,24,1,0
BRDA:244,25,0,0
BRDA:244,25,1,0
BRDA:246,26,0,0
BRDA:246,26,1,0
BRDA:253,27,0,0
BRDA:253,27,1,0
BRDA:371,28,0,0
BRDA:371,28,1,0
BRDA:384,29,0,0
BRDA:384,29,1,0
BRDA:414,30,0,0
BRDA:414,30,1,0
BRDA:430,31,0,0
BRDA:430,31,1,0
BRDA:440,32,0,0
BRDA:440,32,1,0
BRDA:440,33,0,0
BRDA:440,33,1,0
BRDA:440,33,2,0
BRDA:440,33,3,0
BRDA:443,34,0,0
BRDA:443,34,1,0
BRDA:503,35,0,0
BRDA:503,35,1,0
BRDA:518,36,0,0
BRDA:518,36,1,0
BRDA:518,36,2,0
BRDA:518,36,3,0
BRDA:518,36,4,0
BRDA:532,37,0,0
BRDA:532,37,1,0
BRDA:532,37,2,0
BRDA:532,37,3,0
BRDA:532,37,4,0
BRDA:532,37,5,0
BRDA:559,38,0,0
BRDA:559,38,1,0
BRDA:559,39,0,0
BRDA:559,39,1,0
BRDA:562,40,0,0
BRDA:562,40,1,0
BRDA:562,41,0,0
BRDA:562,41,1,0
BRDA:566,42,0,0
BRDA:566,42,1,0
BRDA:567,43,0,0
BRDA:567,43,1,0
BRDA:576,44,0,0
BRDA:576,44,1,0
BRDA:584,45,0,0
BRDA:584,45,1,0
BRDA:584,46,0,0
BRDA:584,46,1,0
BRDA:587,47,0,0
BRDA:587,47,1,0
BRDA:594,48,0,0
BRDA:594,48,1,0
BRDA:601,49,0,0
BRDA:601,49,1,0
BRDA:604,50,0,0
BRDA:604,50,1,0
BRDA:623,51,0,0
BRDA:623,51,1,0
BRDA:624,52,0,0
BRDA:624,52,1,0
BRDA:627,53,0,0
BRDA:627,53,1,0
BRDA:627,54,0,0
BRDA:627,54,1,0
BRDA:632,55,0,0
BRDA:632,55,1,0
BRDA:632,56,0,0
BRDA:632,56,1,0
BRDA:636,57,0,0
BRDA:636,57,1,0
BRDA:640,58,0,0
BRDA:640,58,1,0
BRDA:641,59,0,0
BRDA:641,59,1,0
BRDA:651,60,0,0
BRDA:651,60,1,0
BRDA:660,61,0,0
BRDA:660,61,1,0
BRDA:666,62,0,0
BRDA:666,62,1,0
BRDA:669,63,0,0
BRDA:669,63,1,0
BRDA:677,64,0,0
BRDA:677,64,1,0
BRDA:692,65,0,0
BRDA:692,65,1,0
BRDA:695,66,0,0
BRDA:695,66,1,0
BRDA:727,67,0,0
BRDA:727,67,1,0
BRDA:743,68,0,0
BRDA:743,68,1,0
BRDA:755,69,0,0
BRDA:755,69,1,0
BRDA:755,70,0,0
BRDA:755,70,1,0
BRDA:758,71,0,0
BRDA:758,71,1,0
BRDA:773,72,0,0
BRDA:773,72,1,0
BRDA:773,73,0,0
BRDA:773,73,1,0
BRDA:776,74,0,0
BRDA:776,74,1,0
BRDA:780,75,0,0
BRDA:780,75,1,0
BRDA:782,76,0,0
BRDA:782,76,1,0
BRDA:847,77,0,0
BRDA:847,77,1,0
BRDA:849,78,0,0
BRDA:849,78,1,0
BRDA:852,79,0,0
BRDA:852,79,1,0
BRDA:854,80,0,0
BRDA:854,80,1,0
BRDA:863,81,0,0
BRDA:863,81,1,0
BRDA:880,82,0,0
BRDA:880,82,1,0
BRDA:883,83,0,0
BRDA:883,83,1,0
BRDA:905,84,0,0
BRDA:905,84,1,0
BRDA:915,85,0,0
BRDA:915,85,1,0
BRDA:931,86,0,0
BRDA:931,86,1,0
BRDA:939,87,0,0
BRDA:939,87,1,0
BRDA:939,88,0,0
BRDA:939,88,1,0
BRDA:942,89,0,0
BRDA:942,89,1,0
BRDA:984,90,0,0
BRDA:984,90,1,0
BRF:195
BRH:0
end_of_record
TN:
SF:controllers/portal/content/AttendanceController.js
FN:11,(anonymous_0)
FN:71,(anonymous_1)
FN:120,(anonymous_2)
FN:130,(anonymous_3)
FN:135,(anonymous_4)
FN:193,(anonymous_5)
FN:242,(anonymous_6)
FNF:7
FNH:0
FNDA:0,(anonymous_0)
FNDA:0,(anonymous_1)
FNDA:0,(anonymous_2)
FNDA:0,(anonymous_3)
FNDA:0,(anonymous_4)
FNDA:0,(anonymous_5)
FNDA:0,(anonymous_6)
DA:1,0
DA:2,0
DA:3,0
DA:4,0
DA:5,0
DA:6,0
DA:7,0
DA:8,0
DA:11,0
DA:12,0
DA:13,0
DA:14,0
DA:15,0
DA:16,0
DA:17,0
DA:19,0
DA:21,0
DA:22,0
DA:24,0
DA:33,0
DA:44,0
DA:46,0
DA:49,0
DA:50,0
DA:53,0
DA:64,0
DA:66,0
DA:71,0
DA:72,0
DA:73,0
DA:74,0
DA:75,0
DA:76,0
DA:78,0
DA:79,0
DA:80,0
DA:82,0
DA:84,0
DA:95,0
DA:97,0
DA:99,0
DA:100,0
DA:102,0
DA:113,0
DA:115,0
DA:120,0
DA:121,0
DA:122,0
DA:123,0
DA:124,0
DA:126,0
DA:127,0
DA:128,0
DA:130,0
DA:131,0
DA:132,0
DA:135,0
DA:136,0
DA:137,0
DA:139,0
DA:145,0
DA:148,0
DA:151,0
DA:162,0
DA:164,0
DA:170,0
DA:171,0
DA:173,0
DA:184,0
DA:186,0
DA:188,0
DA:193,0
DA:194,0
DA:195,0
DA:196,0
DA:197,0
DA:198,0
DA:200,0
DA:201,0
DA:202,0
DA:204,0
DA:206,0
DA:217,0
DA:219,0
DA:221,0
DA:222,0
DA:224,0
DA:235,0
DA:237,0
DA:242,0
DA:243,0
DA:244,0
DA:245,0
DA:246,0
DA:247,0
DA:249,0
DA:250,0
DA:251,0
DA:253,0
DA:255,0
DA:266,0
DA:268,0
DA:270,0
DA:271,0
DA:273,0
DA:284,0
DA:286,0
DA:290,0
LF:108
LH:0
BRDA:15,0,0,0
BRDA:15,0,1,0
BRDA:22,1,0,0
BRDA:22,1,1,0
BRDA:42,2,0,0
BRDA:42,2,1,0
BRDA:42,3,0,0
BRDA:42,3,1,0
BRDA:50,4,0,0
BRDA:50,4,1,0
BRDA:55,5,0,0
BRDA:55,5,1,0
BRDA:64,6,0,0
BRDA:64,6,1,0
BRDA:74,7,0,0
BRDA:74,7,1,0
BRDA:80,8,0,0
BRDA:80,8,1,0
BRDA:93,9,0,0
BRDA:93,9,1,0
BRDA:100,10,0,0
BRDA:100,10,1,0
BRDA:104,11,0,0
BRDA:104,11,1,0
BRDA:113,12,0,0
BRDA:113,12,1,0
BRDA:122,13,0,0
BRDA:122,13,1,0
BRDA:128,14,0,0
BRDA:128,14,1,0
BRDA:171,15,0,0
BRDA:171,15,1,0
BRDA:175,16,0,0
BRDA:175,16,1,0
BRDA:184,17,0,0
BRDA:184,17,1,0
BRDA:196,18,0,0
BRDA:196,18,1,0
BRDA:202,19,0,0
BRDA:202,19,1,0
BRDA:215,20,0,0
BRDA:215,20,1,0
BRDA:222,21,0,0
BRDA:222,21,1,0
BRDA:226,22,0,0
BRDA:226,22,1,0
BRDA:235,23,0,0
BRDA:235,23,1,0
BRDA:245,24,0,0
BRDA:245,24,1,0
BRDA:251,25,0,0
BRDA:251,25,1,0
BRDA:264,26,0,0
BRDA:264,26,1,0
BRDA:271,27,0,0
BRDA:271,27,1,0
BRDA:275,28,0,0
BRDA:275,28,1,0
BRDA:284,29,0,0
BRDA:284,29,1,0
BRF:60
BRH:0
end_of_record
TN:
SF:controllers/portal/content/BehaviourController.js
FN:14,(anonymous_0)
FN:35,(anonymous_1)
FN:45,(anonymous_2)
FN:59,(anonymous_3)
FN:74,(anonymous_4)
FN:88,(anonymous_5)
FN:116,(anonymous_6)
FN:179,(anonymous_7)
FN:204,(anonymous_8)
FN:212,(anonymous_9)
FNF:10
FNH:0
FNDA:0,(anonymous_0)
FNDA:0,(anonymous_1)
FNDA:0,(anonymous_2)
FNDA:0,(anonymous_3)
FNDA:0,(anonymous_4)
FNDA:0,(anonymous_5)
FNDA:0,(anonymous_6)
FNDA:0,(anonymous_7)
FNDA:0,(anonymous_8)
FNDA:0,(anonymous_9)
DA:1,0
DA:2,0
DA:5,0
DA:6,0
DA:7,0
DA:8,0
DA:9,0
DA:11,0
DA:14,0
DA:15,0
DA:16,0
DA:17,0
DA:25,0
DA:26,0
DA:27,0
DA:29,0
DA:30,0
DA:35,0
DA:36,0
DA:37,0
DA:38,0
DA:40,0
DA:45,0
DA:46,0
DA:47,0
DA:48,0
DA:49,0
DA:50,0
DA:52,0
DA:54,0
DA:59,0
DA:60,0
DA:61,0
DA:62,0
DA:63,0
DA:64,0
DA:65,0
DA:67,0
DA:69,0
DA:74,0
DA:75,0
DA:76,0
DA:77,0
DA:78,0
DA:79,0
DA:81,0
DA:83,0
DA:88,0
DA:89,0
DA:90,0
DA:91,0
DA:93,0
DA:94,0
DA:95,0
DA:98,0
DA:99,0
DA:100,0
DA:101,0
DA:103,0
DA:104,0
DA:113,0
DA:116,0
DA:117,0
DA:118,0
DA:119,0
DA:125,0
DA:126,0
DA:127,0
DA:129,0
DA:130,0
DA:136,0
DA:137,0
DA:139,0
DA:140,0
DA:142,0
DA:143,0
DA:145,0
DA:146,0
DA:148,0
DA:149,0
DA:151,0
DA:153,0
DA:155,0
DA:156,0
DA:157,0
DA:158,0
DA:161,0
DA:170,0
DA:171,0
DA:172,0
DA:174,0
DA:175,0
DA:179,0
DA:180,0
DA:182,0
DA:184,0
DA:185,0
DA:186,0
DA:190,0
DA:191,0
DA:196,0
DA:204,0
DA:205,0
DA:206,0
DA:207,0
DA:209,0
DA:212,0
DA:213,0
DA:214,0
DA:216,0
DA:223,0
DA:225,0
DA:226,0
DA:231,0
LF:114
LH:0
BRDA:49,0,0,0
BRDA:49,0,1,0
BRDA:64,1,0,0
BRDA:64,1,1,0
BRDA:78,2,0,0
BRDA:78,2,1,0
BRDA:94,3,0,0
BRDA:94,3,1,0
BRDA:94,4,0,0
BRDA:94,4,1,0
BRDA:94,4,2,0
BRDA:94,4,3,0
BRDA:100,5,0,0
BRDA:100,5,1,0
BRDA:100,6,0,0
BRDA:100,6,1,0
BRDA:126,7,0,0
BRDA:126,7,1,0
BRDA:137,8,0,0
BRDA:137,8,1,0
BRDA:137,8,2,0
BRDA:137,8,3,0
BRDA:137,8,4,0
BRDA:153,9,0,0
BRDA:153,9,1,0
BRDA:184,10,0,0
BRDA:184,10,1,0
BRDA:214,11,0,0
BRDA:214,11,1,0
BRDA:218,12,0,0
BRDA:218,12,1,0
BRDA:219,13,0,0
BRDA:219,13,1,0
BRF:33
BRH:0
end_of_record
TN:
SF:controllers/portal/content/CommentController.js
FN:14,(anonymous_0)
FN:148,(anonymous_1)
FN:308,(anonymous_2)
FN:353,(anonymous_3)
FN:360,(anonymous_4)
FN:370,(anonymous_5)
FNF:6
FNH:0
FNDA:0,(anonymous_0)
FNDA:0,(anonymous_1)
FNDA:0,(anonymous_2)
FNDA:0,(anonymous_3)
FNDA:0,(anonymous_4)
FNDA:0,(anonymous_5)
DA:1,0
DA:2,0
DA:3,0
DA:4,0
DA:5,0
DA:6,0
DA:7,0
DA:8,0
DA:9,0
DA:11,0
DA:14,0
DA:15,0
DA:16,0
DA:17,0
DA:19,0
DA:20,0
DA:21,0
DA:23,0
DA:24,0
DA:25,0
DA:28,0
DA:29,0
DA:40,0
DA:41,0
DA:45,0
DA:46,0
DA:57,0
DA:58,0
DA:62,0
DA:63,0
DA:74,0
DA:75,0
DA:78,0
DA:79,0
DA:80,0
DA:91,0
DA:92,0
DA:95,0
DA:105,0
DA:116,0
DA:118,0
DA:127,0
DA:128,0
DA:130,0
DA:141,0
DA:143,0
DA:148,0
DA:149,0
DA:150,0
DA:151,0
DA:152,0
DA:153,0
DA:155,0
DA:156,0
DA:157,0
DA:160,0
DA:161,0
DA:172,0
DA:173,0
DA:177,0
DA:178,0
DA:189,0
DA:190,0
DA:194,0
DA:195,0
DA:206,0
DA:207,0
DA:211,0
DA:212,0
DA:213,0
DA:224,0
DA:225,0
DA:229,0
DA:235,0
DA:237,0
DA:239,0
DA:240,0
DA:241,0
DA:242,0
DA:244,0
DA:255,0
DA:256,0
DA:259,0
DA:270,0
DA:271,0
DA:273,0
DA:284,0
DA:285,0
DA:288,0
DA:289,0
DA:291,0
DA:302,0
DA:304,0
DA:308,0
DA:309,0
DA:311,0
DA:312,0
DA:313,0
DA:314,0
DA:315,0
DA:316,0
DA:318,0
DA:321,0
DA:326,0
DA:327,0
DA:328,0
DA:331,0
DA:332,0
DA:334,0
DA:335,0
DA:339,0
DA:340,0
DA:341,0
DA:344,0
DA:350,0
DA:353,0
DA:354,0
DA:355,0
DA:360,0
DA:361,0
DA:362,0
DA:363,0
DA:365,0
DA:367,0
DA:370,0
DA:371,0
DA:372,0
DA:374,0
DA:381,0
DA:382,0
DA:384,0
DA:385,0
DA:389,0
LF:133
LH:0
BRDA:19,0,0,0
BRDA:19,0,1,0
BRDA:25,1,0,0
BRDA:25,1,1,0
BRDA:28,2,0,0
BRDA:28,2,1,0
BRDA:28,3,0,0
BRDA:28,3,1,0
BRDA:28,3,2,0
BRDA:28,3,3,0
BRDA:28,3,4,0
BRDA:31,4,0,0
BRDA:31,4,1,0
BRDA:40,5,0,0
BRDA:40,5,1,0
BRDA:45,6,0,0
BRDA:45,6,1,0
BRDA:48,7,0,0
BRDA:48,7,1,0
BRDA:57,8,0,0
BRDA:57,8,1,0
BRDA:62,9,0,0
BRDA:62,9,1,0
BRDA:62,10,0,0
BRDA:62,10,1,0
BRDA:65,11,0,0
BRDA:65,11,1,0
BRDA:74,12,0,0
BRDA:74,12,1,0
BRDA:79,13,0,0
BRDA:79,13,1,0
BRDA:82,14,0,0
BRDA:82,14,1,0
BRDA:91,15,0,0
BRDA:91,15,1,0
BRDA:128,16,0,0
BRDA:128,16,1,0
BRDA:132,17,0,0
BRDA:132,17,1,0
BRDA:141,18,0,0
BRDA:141,18,1,0
BRDA:151,19,0,0
BRDA:151,19,1,0
BRDA:157,20,0,0
BRDA:157,20,1,0
BRDA:160,21,0,0
BRDA:160,21,1,0
BRDA:160,22,0,0
BRDA:160,22,1,0
BRDA:160,22,2,0
BRDA:160,22,3,0
BRDA:160,22,4,0
BRDA:177,23,0,0
BRDA:177,23,1,0
BRDA:194,24,0,0
BRDA:194,24,1,0
BRDA:194,25,0,0
BRDA:194,25,1,0
BRDA:212,26,0,0
BRDA:212,26,1,0
BRDA:233,27,0,0
BRDA:233,27,1,0
BRDA:237,28,0,0
BRDA:237,28,1,0
BRDA:268,29,0,0
BRDA:268,29,1,0
BRDA:289,30,0,0
BRDA:289,30,1,0
BRDA:293,31,0,0
BRDA:293,31,1,0
BRDA:302,32,0,0
BRDA:302,32,1,0
BRDA:311,33,0,0
BRDA:311,33,1,0
BRDA:312,34,0,0
BRDA:312,34,1,0
BRDA:314,35,0,0
BRDA:314,35,1,0
BRDA:315,36,0,0
BRDA:315,36,1,0
BRDA:315,37,0,0
BRDA:315,37,1,0
BRDA:318,38,0,0
BRDA:318,38,1,0
BRDA:318,39,0,0
BRDA:318,39,1,0
BRDA:327,40,0,0
BRDA:327,40,1,0
BRDA:334,41,0,0
BRDA:334,41,1,0
BRDA:340,42,0,0
BRDA:340,42,1,0
BRDA:354,43,0,0
BRDA:354,43,1,0
BRDA:361,44,0,0
BRDA:361,44,1,0
BRDA:361,45,0,0
BRDA:361,45,1,0
BRDA:372,46,0,0
BRDA:372,46,1,0
BRDA:377,47,0,0
BRDA:377,47,1,0
BRF:102
BRH:0
end_of_record
TN:
SF:controllers/portal/content/DashboardController.js
FN:19,(anonymous_0)
FN:28,(anonymous_1)
FN:62,(anonymous_2)
FN:63,(anonymous_3)
FN:70,(anonymous_4)
FN:71,(anonymous_5)
FNF:6
FNH:0
FNDA:0,(anonymous_0)
FNDA:0,(anonymous_1)
FNDA:0,(anonymous_2)
FNDA:0,(anonymous_3)
FNDA:0,(anonymous_4)
FNDA:0,(anonymous_5)
DA:1,0
DA:2,0
DA:3,0
DA:4,0
DA:5,0
DA:6,0
DA:7,0
DA:8,0
DA:9,0
DA:10,0
DA:11,0
DA:12,0
DA:13,0
DA:14,0
DA:16,0
DA:19,0
DA:20,0
DA:28,0
DA:29,0
DA:30,0
DA:31,0
DA:32,0
DA:34,0
DA:35,0
DA:37,0
DA:39,0
DA:40,0
DA:44,0
DA:45,0
DA:48,0
DA:49,0
DA:52,0
DA:55,0
DA:56,0
DA:62,0
DA:63,0
DA:64,0
DA:70,0
DA:71,0
DA:72,0
DA:75,0
DA:86,0
DA:89,0
DA:104,0
DA:105,0
DA:107,0
DA:110,0
DA:121,0
DA:124,0
DA:134,0
DA:145,0
DA:148,0
DA:152,0
LF:53
LH:0
BRDA:19,0,0,0
BRDA:19,1,0,0
BRDA:30,2,0,0
BRDA:30,2,1,0
BRDA:37,3,0,0
BRDA:37,3,1,0
BRDA:66,4,0,0
BRDA:66,4,1,0
BRDA:136,5,0,0
BRDA:136,5,1,0
BRDA:145,6,0,0
BRDA:145,6,1,0
BRF:12
BRH:0
end_of_record
TN:
SF:controllers/portal/content/DriveController.js
FN:17,(anonymous_0)
FN:20,(anonymous_1)
FN:27,(anonymous_2)
FN:34,(anonymous_3)
FNF:4
FNH:0
FNDA:0,(anonymous_0)
FNDA:0,(anonymous_1)
FNDA:0,(anonymous_2)
FNDA:0,(anonymous_3)
DA:1,0
DA:2,0
DA:3,0
DA:4,0
DA:5,0
DA:6,0
DA:9,0
DA:13,0
DA:16,0
DA:18,0
DA:21,0
DA:25,0
DA:29,0
DA:34,0
DA:35,0
DA:36,0
DA:37,0
DA:40,0
DA:46,0
DA:52,0
DA:59,0
DA:62,0
DA:64,0
DA:70,0
DA:71,0
DA:75,0
LF:26
LH:0
BRDA:36,0,0,0
BRDA:36,0,1,0
BRF:2
BRH:0
end_of_record
TN:
SF:controllers/portal/content/EnrollmentController.js
FN:20,(anonymous_0)
FN:74,(anonymous_1)
FN:77,(anonymous_2)
FN:84,(anonymous_3)
FN:102,(anonymous_4)
FN:109,(anonymous_5)
FN:200,(anonymous_6)
FN:261,(anonymous_7)
FN:324,(anonymous_8)
FNF:9
FNH:0
FNDA:0,(anonymous_0)
FNDA:0,(anonymous_1)
FNDA:0,(anonymous_2)
FNDA:0,(anonymous_3)
FNDA:0,(anonymous_4)
FNDA:0,(anonymous_5)
FNDA:0,(anonymous_6)
FNDA:0,(anonymous_7)
FNDA:0,(anonymous_8)
DA:1,0
DA:2,0
DA:3,0
DA:4,0
DA:5,0
DA:6,0
DA:7,0
DA:8,0
DA:9,0
DA:10,0
DA:11,0
DA:12,0
DA:13,0
DA:14,0
DA:16,0
DA:17,0
DA:20,0
DA:21,0
DA:22,0
DA:23,0
DA:24,0
DA:25,0
DA:26,0
DA:28,0
DA:29,0
DA:30,0
DA:32,0
DA:33,0
DA:35,0
DA:37,0
DA:48,0
DA:50,0
DA:52,0
DA:53,0
DA:55,0
DA:66,0
DA:68,0
DA:73,0
DA:75,0
DA:78,0
DA:82,0
DA:85,0
DA:86,0
DA:87,0
DA:88,0
DA:89,0
DA:91,0
DA:97,0
DA:103,0
DA:104,0
DA:109,0
DA:110,0
DA:111,0
DA:112,0
DA:114,0
DA:115,0
DA:116,0
DA:118,0
DA:119,0
DA:120,0
DA:131,0
DA:132,0
DA:135,0
DA:136,0
DA:137,0
DA:144,0
DA:145,0
DA:146,0
DA:157,0
DA:158,0
DA:161,0
DA:162,0
DA:164,0
DA:175,0
DA:177,0
DA:179,0
DA:180,0
DA:182,0
DA:193,0
DA:195,0
DA:200,0
DA:201,0
DA:202,0
DA:203,0
DA:205,0
DA:206,0
DA:207,0
DA:209,0
DA:210,0
DA:211,0
DA:213,0
DA:223,0
DA:236,0
DA:238,0
DA:240,0
DA:241,0
DA:243,0
DA:254,0
DA:256,0
DA:261,0
DA:262,0
DA:263,0
DA:264,0
DA:266,0
DA:267,0
DA:268,0
DA:270,0
DA:271,0
DA:272,0
DA:274,0
DA:286,0
DA:299,0
DA:301,0
DA:303,0
DA:304,0
DA:306,0
DA:317,0
DA:319,0
DA:324,0
DA:325,0
DA:326,0
DA:327,0
DA:328,0
DA:329,0
DA:331,0
DA:332,0
DA:333,0
DA:335,0
DA:336,0
DA:338,0
DA:349,0
DA:351,0
DA:353,0
DA:354,0
DA:356,0
DA:367,0
DA:371,0
DA:375,0
LF:138
LH:0
BRDA:24,0,0,0
BRDA:24,0,1,0
BRDA:30,1,0,0
BRDA:30,1,1,0
BRDA:33,2,0,0
BRDA:33,2,1,0
BRDA:46,3,0,0
BRDA:46,3,1,0
BRDA:53,4,0,0
BRDA:53,4,1,0
BRDA:57,5,0,0
BRDA:57,5,1,0
BRDA:66,6,0,0
BRDA:66,6,1,0
BRDA:88,7,0,0
BRDA:88,7,1,0
BRDA:88,8,0,0
BRDA:88,8,1,0
BRDA:103,9,0,0
BRDA:103,9,1,0
BRDA:110,10,0,0
BRDA:110,10,1,0
BRDA:116,11,0,0
BRDA:116,11,1,0
BRDA:119,12,0,0
BRDA:119,12,1,0
BRDA:122,13,0,0
BRDA:122,13,1,0
BRDA:131,14,0,0
BRDA:131,14,1,0
BRDA:145,15,0,0
BRDA:145,15,1,0
BRDA:148,16,0,0
BRDA:148,16,1,0
BRDA:157,17,0,0
BRDA:157,17,1,0
BRDA:180,18,0,0
BRDA:180,18,1,0
BRDA:184,19,0,0
BRDA:184,19,1,0
BRDA:193,20,0,0
BRDA:193,20,1,0
BRDA:201,21,0,0
BRDA:201,21,1,0
BRDA:207,22,0,0
BRDA:207,22,1,0
BRDA:232,23,0,0
BRDA:232,23,1,0
BRDA:233,24,0,0
BRDA:233,24,1,0
BRDA:241,25,0,0
BRDA:241,25,1,0
BRDA:245,26,0,0
BRDA:245,26,1,0
BRDA:254,27,0,0
BRDA:254,27,1,0
BRDA:262,28,0,0
BRDA:262,28,1,0
BRDA:268,29,0,0
BRDA:268,29,1,0
BRDA:295,30,0,0
BRDA:295,30,1,0
BRDA:296,31,0,0
BRDA:296,31,1,0
BRDA:297,32,0,0
BRDA:297,32,1,0
BRDA:304,33,0,0
BRDA:304,33,1,0
BRDA:308,34,0,0
BRDA:308,34,1,0
BRDA:317,35,0,0
BRDA:317,35,1,0
BRDA:327,36,0,0
BRDA:327,36,1,0
BRDA:333,37,0,0
BRDA:333,37,1,0
BRDA:354,38,0,0
BRDA:354,38,1,0
BRDA:358,39,0,0
BRDA:358,39,1,0
BRDA:368,40,0,0
BRDA:368,40,1,0
BRF:82
BRH:0
end_of_record
TN:
SF:controllers/portal/content/FeeController.js
FN:16,(anonymous_0)
FN:48,(anonymous_1)
FN:75,(anonymous_2)
FN:100,(anonymous_3)
FN:122,(anonymous_4)
FN:154,(anonymous_5)
FN:174,(anonymous_6)
FN:199,(anonymous_7)
FN:221,(anonymous_8)
FN:251,(anonymous_9)
FN:287,(anonymous_10)
FN:324,(anonymous_11)
FN:356,(anonymous_12)
FN:385,(anonymous_13)
FN:410,(anonymous_14)
FN:432,(anonymous_15)
FN:458,(anonymous_16)
FN:484,(anonymous_17)
FN:512,(anonymous_18)
FN:551,(anonymous_19)
FN:577,(anonymous_20)
FN:605,(anonymous_21)
FN:640,(anonymous_22)
FN:663,(anonymous_23)
FNF:24
FNH:0
FNDA:0,(anonymous_0)
FNDA:0,(anonymous_1)
FNDA:0,(anonymous_2)
FNDA:0,(anonymous_3)
FNDA:0,(anonymous_4)
FNDA:0,(anonymous_5)
FNDA:0,(anonymous_6)
FNDA:0,(anonymous_7)
FNDA:0,(anonymous_8)
FNDA:0,(anonymous_9)
FNDA:0,(anonymous_10)
FNDA:0,(anonymous_11)
FNDA:0,(anonymous_12)
FNDA:0,(anonymous_13)
FNDA:0,(anonymous_14)
FNDA:0,(anonymous_15)
FNDA:0,(anonymous_16)
FNDA:0,(anonymous_17)
FNDA:0,(anonymous_18)
FNDA:0,(anonymous_19)
FNDA:0,(anonymous_20)
FNDA:0,(anonymous_21)
FNDA:0,(anonymous_22)
FNDA:0,(anonymous_23)
DA:1,0
DA:2,0
DA:3,0
DA:4,0
DA:5,0
DA:6,0
DA:8,0
DA:9,0
DA:16,0
DA:17,0
DA:18,0
DA:19,0
DA:20,0
DA:27,0
DA:32,0
DA:38,0
DA:48,0
DA:49,0
DA:50,0
DA:51,0
DA:53,0
DA:60,0
DA:65,0
DA:75,0
DA:76,0
DA:77,0
DA:78,0
DA:84,0
DA:90,0
DA:100,0
DA:101,0
DA:102,0
DA:103,0
DA:105,0
DA:110,0
DA:122,0
DA:123,0
DA:124,0
DA:125,0
DA:126,0
DA:133,0
DA:138,0
DA:144,0
DA:154,0
DA:155,0
DA:156,0
DA:157,0
DA:159,0
DA:164,0
DA:174,0
DA:175,0
DA:176,0
DA:177,0
DA:183,0
DA:189,0
DA:199,0
DA:200,0
DA:201,0
DA:202,0
DA:204,0
DA:209,0
DA:221,0
DA:222,0
DA:223,0
DA:224,0
DA:226,0
DA:235,0
DA:241,0
DA:251,0
DA:252,0
DA:253,0
DA:254,0
DA:256,0
DA:257,0
DA:263,0
DA:272,0
DA:277,0
DA:287,0
DA:288,0
DA:289,0
DA:290,0
DA:291,0
DA:293,0
DA:294,0
DA:300,0
DA:307,0
DA:312,0
DA:324,0
DA:325,0
DA:326,0
DA:327,0
DA:328,0
DA:335,0
DA:340,0
DA:346,0
DA:356,0
DA:357,0
DA:358,0
DA:359,0
DA:361,0
DA:370,0
DA:375,0
DA:385,0
DA:386,0
DA:387,0
DA:388,0
DA:394,0
DA:400,0
DA:410,0
DA:411,0
DA:412,0
DA:413,0
DA:415,0
DA:420,0
DA:432,0
DA:433,0
DA:434,0
DA:435,0
DA:437,0
DA:443,0
DA:448,0
DA:458,0
DA:459,0
DA:460,0
DA:461,0
DA:463,0
DA:469,0
DA:474,0
DA:484,0
DA:485,0
DA:486,0
DA:487,0
DA:489,0
DA:495,0
DA:500,0
DA:512,0
DA:513,0
DA:514,0
DA:515,0
DA:517,0
DA:518,0
DA:524,0
DA:525,0
DA:526,0
DA:527,0
DA:529,0
DA:536,0
DA:541,0
DA:551,0
DA:552,0
DA:553,0
DA:554,0
DA:556,0
DA:562,0
DA:567,0
DA:577,0
DA:578,0
DA:579,0
DA:580,0
DA:582,0
DA:588,0
DA:593,0
DA:605,0
DA:606,0
DA:607,0
DA:608,0
DA:610,0
DA:611,0
DA:617,0
DA:625,0
DA:630,0
DA:640,0
DA:641,0
DA:642,0
DA:647,0
DA:653,0
DA:663,0
DA:664,0
DA:665,0
DA:666,0
DA:668,0
DA:673,0
DA:680,0
LF:183
LH:0
BRDA:19,0,0,0
BRDA:19,0,1,0
BRDA:51,1,0,0
BRDA:51,1,1,0
BRDA:56,2,0,0
BRDA:56,2,1,0
BRDA:125,3,0,0
BRDA:125,3,1,0
BRDA:224,4,0,0
BRDA:224,4,1,0
BRDA:254,5,0,0
BRDA:254,5,1,0
BRDA:256,6,0,0
BRDA:256,6,1,0
BRDA:266,7,0,0
BRDA:266,7,1,0
BRDA:291,8,0,0
BRDA:291,8,1,0
BRDA:293,9,0,0
BRDA:293,9,1,0
BRDA:304,10,0,0
BRDA:304,10,1,0
BRDA:327,11,0,0
BRDA:327,11,1,0
BRDA:359,12,0,0
BRDA:359,12,1,0
BRDA:364,13,0,0
BRDA:364,13,1,0
BRDA:435,14,0,0
BRDA:435,14,1,0
BRDA:440,15,0,0
BRDA:440,15,1,0
BRDA:461,16,0,0
BRDA:461,16,1,0
BRDA:466,17,0,0
BRDA:466,17,1,0
BRDA:487,18,0,0
BRDA:487,18,1,0
BRDA:492,19,0,0
BRDA:492,19,1,0
BRDA:515,20,0,0
BRDA:515,20,1,0
BRDA:517,21,0,0
BRDA:517,21,1,0
BRDA:517,22,0,0
BRDA:517,22,1,0
BRDA:525,23,0,0
BRDA:525,23,1,0
BRDA:526,24,0,0
BRDA:526,24,1,0
BRDA:527,25,0,0
BRDA:527,25,1,0
BRDA:554,26,0,0
BRDA:554,26,1,0
BRDA:559,27,0,0
BRDA:559,27,1,0
BRDA:580,28,0,0
BRDA:580,28,1,0
BRDA:585,29,0,0
BRDA:585,29,1,0
BRDA:608,30,0,0
BRDA:608,30,1,0
BRDA:610,31,0,0
BRDA:610,31,1,0
BRDA:620,32,0,0
BRDA:620,32,1,0
BRF:66
BRH:0
end_of_record
TN:
SF:controllers/portal/content/GradingController.js
FN:10,(anonymous_0)
FN:59,(anonymous_1)
FN:108,(anonymous_2)
FN:157,(anonymous_3)
FN:208,(anonymous_4)
FN:273,(anonymous_5)
FN:324,(anonymous_6)
FNF:7
FNH:0
FNDA:0,(anonymous_0)
FNDA:0,(anonymous_1)
FNDA:0,(anonymous_2)
FNDA:0,(anonymous_3)
FNDA:0,(anonymous_4)
FNDA:0,(anonymous_5)
FNDA:0,(anonymous_6)
DA:1,0
DA:2,0
DA:3,0
DA:4,0
DA:5,0
DA:6,0
DA:7,0
DA:10,0
DA:11,0
DA:12,0
DA:13,0
DA:15,0
DA:16,0
DA:17,0
DA:19,0
DA:20,0
DA:21,0
DA:23,0
DA:34,0
DA:36,0
DA:38,0
DA:39,0
DA:41,0
DA:52,0
DA:54,0
DA:59,0
DA:60,0
DA:61,0
DA:62,0
DA:63,0
DA:64,0
DA:66,0
DA:67,0
DA:68,0
DA:70,0
DA:72,0
DA:83,0
DA:85,0
DA:87,0
DA:88,0
DA:90,0
DA:101,0
DA:103,0
DA:108,0
DA:109,0
DA:110,0
DA:111,0
DA:112,0
DA:113,0
DA:115,0
DA:116,0
DA:117,0
DA:119,0
DA:121,0
DA:132,0
DA:134,0
DA:136,0
DA:137,0
DA:139,0
DA:150,0
DA:152,0
DA:157,0
DA:158,0
DA:159,0
DA:160,0
DA:162,0
DA:163,0
DA:164,0
DA:166,0
DA:167,0
DA:168,0
DA:170,0
DA:172,0
DA:183,0
DA:185,0
DA:187,0
DA:188,0
DA:190,0
DA:201,0
DA:203,0
DA:208,0
DA:209,0
DA:210,0
DA:211,0
DA:212,0
DA:214,0
DA:215,0
DA:216,0
DA:218,0
DA:219,0
DA:220,0
DA:231,0
DA:232,0
DA:235,0
DA:246,0
DA:248,0
DA:250,0
DA:251,0
DA:253,0
DA:264,0
DA:268,0
DA:273,0
DA:274,0
DA:275,0
DA:276,0
DA:277,0
DA:278,0
DA:280,0
DA:281,0
DA:282,0
DA:284,0
DA:286,0
DA:297,0
DA:299,0
DA:301,0
DA:302,0
DA:304,0
DA:315,0
DA:319,0
DA:324,0
DA:325,0
DA:326,0
DA:327,0
DA:328,0
DA:329,0
DA:331,0
DA:332,0
DA:333,0
DA:335,0
DA:337,0
DA:348,0
DA:350,0
DA:352,0
DA:353,0
DA:355,0
DA:366,0
DA:368,0
DA:372,0
LF:138
LH:0
BRDA:11,0,0,0
BRDA:11,0,1,0
BRDA:17,1,0,0
BRDA:17,1,1,0
BRDA:39,2,0,0
BRDA:39,2,1,0
BRDA:43,3,0,0
BRDA:43,3,1,0
BRDA:52,4,0,0
BRDA:52,4,1,0
BRDA:62,5,0,0
BRDA:62,5,1,0
BRDA:68,6,0,0
BRDA:68,6,1,0
BRDA:88,7,0,0
BRDA:88,7,1,0
BRDA:92,8,0,0
BRDA:92,8,1,0
BRDA:101,9,0,0
BRDA:101,9,1,0
BRDA:111,10,0,0
BRDA:111,10,1,0
BRDA:117,11,0,0
BRDA:117,11,1,0
BRDA:137,12,0,0
BRDA:137,12,1,0
BRDA:141,13,0,0
BRDA:141,13,1,0
BRDA:150,14,0,0
BRDA:150,14,1,0
BRDA:158,15,0,0
BRDA:158,15,1,0
BRDA:164,16,0,0
BRDA:164,16,1,0
BRDA:181,17,0,0
BRDA:181,17,1,0
BRDA:188,18,0,0
BRDA:188,18,1,0
BRDA:192,19,0,0
BRDA:192,19,1,0
BRDA:201,20,0,0
BRDA:201,20,1,0
BRDA:210,21,0,0
BRDA:210,21,1,0
BRDA:216,22,0,0
BRDA:216,22,1,0
BRDA:219,23,0,0
BRDA:219,23,1,0
BRDA:251,24,0,0
BRDA:251,24,1,0
BRDA:255,25,0,0
BRDA:255,25,1,0
BRDA:265,26,0,0
BRDA:265,26,1,0
BRDA:276,27,0,0
BRDA:276,27,1,0
BRDA:282,28,0,0
BRDA:282,28,1,0
BRDA:302,29,0,0
BRDA:302,29,1,0
BRDA:306,30,0,0
BRDA:306,30,1,0
BRDA:316,31,0,0
BRDA:316,31,1,0
BRDA:327,32,0,0
BRDA:327,32,1,0
BRDA:333,33,0,0
BRDA:333,33,1,0
BRDA:353,34,0,0
BRDA:353,34,1,0
BRDA:357,35,0,0
BRDA:357,35,1,0
BRDA:366,36,0,0
BRDA:366,36,1,0
BRF:74
BRH:0
end_of_record
TN:
SF:controllers/portal/content/LearnerController.js
FN:29,(anonymous_0)
FN:123,(anonymous_1)
FN:126,(anonymous_2)
FN:133,(anonymous_3)
FN:145,(anonymous_4)
FN:161,(anonymous_5)
FN:168,(anonymous_6)
FN:261,(anonymous_7)
FN:315,(anonymous_8)
FN:335,(anonymous_9)
FN:338,(anonymous_10)
FN:341,(anonymous_11)
FN:380,(anonymous_12)
FN:428,(anonymous_13)
FN:493,(anonymous_14)
FN:560,(anonymous_15)
FN:627,(anonymous_16)
FN:676,(anonymous_17)
FN:710,(anonymous_18)
FN:743,(anonymous_19)
FN:747,(anonymous_20)
FN:792,(anonymous_21)
FN:812,(anonymous_22)
FN:837,(anonymous_23)
FN:868,(anonymous_24)
FN:937,exportJsonToCsvNew
FN:952,(anonymous_26)
FN:958,(anonymous_27)
FNF:28
FNH:0
FNDA:0,(anonymous_0)
FNDA:0,(anonymous_1)
FNDA:0,(anonymous_2)
FNDA:0,(anonymous_3)
FNDA:0,(anonymous_4)
FNDA:0,(anonymous_5)
FNDA:0,(anonymous_6)
FNDA:0,(anonymous_7)
FNDA:0,(anonymous_8)
FNDA:0,(anonymous_9)
FNDA:0,(anonymous_10)
FNDA:0,(anonymous_11)
FNDA:0,(anonymous_12)
FNDA:0,(anonymous_13)
FNDA:0,(anonymous_14)
FNDA:0,(anonymous_15)
FNDA:0,(anonymous_16)
FNDA:0,(anonymous_17)
FNDA:0,(anonymous_18)
FNDA:0,(anonymous_19)
FNDA:0,(anonymous_20)
FNDA:0,(anonymous_21)
FNDA:0,(anonymous_22)
FNDA:0,(anonymous_23)
FNDA:0,(anonymous_24)
FNDA:0,exportJsonToCsvNew
FNDA:0,(anonymous_26)
FNDA:0,(anonymous_27)
DA:1,0
DA:2,0
DA:3,0
DA:4,0
DA:5,0
DA:6,0
DA:7,0
DA:8,0
DA:9,0
DA:10,0
DA:11,0
DA:12,0
DA:13,0
DA:14,0
DA:15,0
DA:16,0
DA:17,0
DA:18,0
DA:19,0
DA:20,0
DA:21,0
DA:22,0
DA:23,0
DA:24,0
DA:25,0
DA:26,0
DA:29,0
DA:30,0
DA:31,0
DA:32,0
DA:34,0
DA:35,0
DA:36,0
DA:38,0
DA:39,0
DA:40,0
DA:42,0
DA:47,0
DA:48,0
DA:57,0
DA:60,0
DA:63,0
DA:66,0
DA:67,0
DA:69,0
DA:72,0
DA:82,0
DA:97,0
DA:99,0
DA:101,0
DA:102,0
DA:104,0
DA:115,0
DA:117,0
DA:122,0
DA:124,0
DA:127,0
DA:131,0
DA:134,0
DA:135,0
DA:136,0
DA:137,0
DA:138,0
DA:143,0
DA:146,0
DA:147,0
DA:148,0
DA:149,0
DA:150,0
DA:155,0
DA:162,0
DA:163,0
DA:168,0
DA:169,0
DA:170,0
DA:171,0
DA:173,0
DA:174,0
DA:175,0
DA:177,0
DA:178,0
DA:179,0
DA:190,0
DA:191,0
DA:194,0
DA:195,0
DA:197,0
DA:198,0
DA:205,0
DA:206,0
DA:207,0
DA:218,0
DA:219,0
DA:222,0
DA:223,0
DA:225,0
DA:236,0
DA:238,0
DA:240,0
DA:241,0
DA:243,0
DA:254,0
DA:256,0
DA:261,0
DA:262,0
DA:263,0
DA:264,0
DA:265,0
DA:267,0
DA:268,0
DA:269,0
DA:271,0
DA:273,0
DA:274,0
DA:276,0
DA:279,0
DA:290,0
DA:292,0
DA:294,0
DA:295,0
DA:297,0
DA:308,0
DA:310,0
DA:315,0
DA:316,0
DA:317,0
DA:318,0
DA:320,0
DA:321,0
DA:322,0
DA:324,0
DA:325,0
DA:326,0
DA:328,0
DA:335,0
DA:338,0
DA:341,0
DA:342,0
DA:353,0
DA:355,0
DA:357,0
DA:358,0
DA:360,0
DA:371,0
DA:375,0
DA:380,0
DA:381,0
DA:382,0
DA:383,0
DA:384,0
DA:386,0
DA:387,0
DA:388,0
DA:390,0
DA:392,0
DA:403,0
DA:405,0
DA:407,0
DA:408,0
DA:410,0
DA:421,0
DA:423,0
DA:428,0
DA:429,0
DA:430,0
DA:431,0
DA:433,0
DA:434,0
DA:435,0
DA:437,0
DA:438,0
DA:439,0
DA:450,0
DA:451,0
DA:454,0
DA:455,0
DA:457,0
DA:468,0
DA:470,0
DA:472,0
DA:473,0
DA:475,0
DA:486,0
DA:488,0
DA:493,0
DA:494,0
DA:495,0
DA:496,0
DA:498,0
DA:499,0
DA:500,0
DA:502,0
DA:503,0
DA:505,0
DA:506,0
DA:517,0
DA:518,0
DA:521,0
DA:522,0
DA:524,0
DA:535,0
DA:537,0
DA:539,0
DA:540,0
DA:542,0
DA:553,0
DA:555,0
DA:560,0
DA:561,0
DA:562,0
DA:563,0
DA:564,0
DA:566,0
DA:567,0
DA:568,0
DA:570,0
DA:571,0
DA:572,0
DA:573,0
DA:574,0
DA:585,0
DA:586,0
DA:589,0
DA:591,0
DA:602,0
DA:604,0
DA:606,0
DA:607,0
DA:609,0
DA:620,0
DA:622,0
DA:627,0
DA:628,0
DA:629,0
DA:630,0
DA:631,0
DA:633,0
DA:634,0
DA:635,0
DA:637,0
DA:638,0
DA:640,0
DA:651,0
DA:653,0
DA:655,0
DA:656,0
DA:658,0
DA:669,0
DA:671,0
DA:676,0
DA:677,0
DA:678,0
DA:679,0
DA:681,0
DA:682,0
DA:683,0
DA:685,0
DA:686,0
DA:697,0
DA:698,0
DA:701,0
DA:702,0
DA:704,0
DA:705,0
DA:706,0
DA:708,0
DA:711,0
DA:719,0
DA:720,0
DA:737,0
DA:739,0
DA:744,0
DA:746,0
DA:748,0
DA:749,0
DA:750,0
DA:751,0
DA:752,0
DA:757,0
DA:759,0
DA:760,0
DA:762,0
DA:763,0
DA:764,0
DA:766,0
DA:767,0
DA:768,0
DA:769,0
DA:771,0
DA:774,0
DA:776,0
DA:777,0
DA:778,0
DA:779,0
DA:781,0
DA:783,0
DA:784,0
DA:785,0
DA:786,0
DA:787,0
DA:792,0
DA:793,0
DA:795,0
DA:806,0
DA:808,0
DA:809,0
DA:810,0
DA:811,0
DA:812,0
DA:813,0
DA:816,0
DA:817,0
DA:819,0
DA:830,0
DA:832,0
DA:837,0
DA:838,0
DA:839,0
DA:840,0
DA:842,0
DA:843,0
DA:844,0
DA:846,0
DA:847,0
DA:849,0
DA:850,0
DA:851,0
DA:862,0
DA:863,0
DA:866,0
DA:867,0
DA:868,0
DA:897,0
DA:899,0
DA:910,0
DA:912,0
DA:913,0
DA:914,0
DA:916,0
DA:917,0
DA:919,0
DA:930,0
DA:932,0
DA:938,0
DA:939,0
DA:952,0
DA:954,0
DA:955,0
DA:956,0
DA:958,0
DA:959,0
DA:972,0
DA:975,0
DA:978,0
LF:354
LH:0
BRDA:30,0,0,0
BRDA:30,0,1,0
BRDA:36,1,0,0
BRDA:36,1,1,0
BRDA:38,2,0,0
BRDA:38,2,1,0
BRDA:40,3,0,0
BRDA:40,3,1,0
BRDA:40,4,0,0
BRDA:40,4,1,0
BRDA:47,5,0,0
BRDA:47,5,1,0
BRDA:57,6,0,0
BRDA:57,6,1,0
BRDA:60,7,0,0
BRDA:60,7,1,0
BRDA:63,8,0,0
BRDA:63,8,1,0
BRDA:66,9,0,0
BRDA:66,9,1,0
BRDA:67,10,0,0
BRDA:67,10,1,0
BRDA:91,11,0,0
BRDA:91,11,1,0
BRDA:92,12,0,0
BRDA:92,12,1,0
BRDA:93,13,0,0
BRDA:93,13,1,0
BRDA:94,14,0,0
BRDA:94,14,1,0
BRDA:94,15,0,0
BRDA:94,15,1,0
BRDA:102,16,0,0
BRDA:102,16,1,0
BRDA:106,17,0,0
BRDA:106,17,1,0
BRDA:115,18,0,0
BRDA:115,18,1,0
BRDA:137,19,0,0
BRDA:137,19,1,0
BRDA:137,20,0,0
BRDA:137,20,1,0
BRDA:149,21,0,0
BRDA:149,21,1,0
BRDA:149,22,0,0
BRDA:149,22,1,0
BRDA:162,23,0,0
BRDA:162,23,1,0
BRDA:169,24,0,0
BRDA:169,24,1,0
BRDA:175,25,0,0
BRDA:175,25,1,0
BRDA:178,26,0,0
BRDA:178,26,1,0
BRDA:181,27,0,0
BRDA:181,27,1,0
BRDA:190,28,0,0
BRDA:190,28,1,0
BRDA:202,29,0,0
BRDA:202,29,1,0
BRDA:206,30,0,0
BRDA:206,30,1,0
BRDA:209,31,0,0
BRDA:209,31,1,0
BRDA:218,32,0,0
BRDA:218,32,1,0
BRDA:241,33,0,0
BRDA:241,33,1,0
BRDA:245,34,0,0
BRDA:245,34,1,0
BRDA:254,35,0,0
BRDA:254,35,1,0
BRDA:263,36,0,0
BRDA:263,36,1,0
BRDA:269,37,0,0
BRDA:269,37,1,0
BRDA:273,38,0,0
BRDA:273,38,1,0
BRDA:295,39,0,0
BRDA:295,39,1,0
BRDA:299,40,0,0
BRDA:299,40,1,0
BRDA:308,41,0,0
BRDA:308,41,1,0
BRDA:316,42,0,0
BRDA:316,42,1,0
BRDA:322,43,0,0
BRDA:322,43,1,0
BRDA:358,44,0,0
BRDA:358,44,1,0
BRDA:362,45,0,0
BRDA:362,45,1,0
BRDA:372,46,0,0
BRDA:372,46,1,0
BRDA:382,47,0,0
BRDA:382,47,1,0
BRDA:388,48,0,0
BRDA:388,48,1,0
BRDA:408,49,0,0
BRDA:408,49,1,0
BRDA:412,50,0,0
BRDA:412,50,1,0
BRDA:421,51,0,0
BRDA:421,51,1,0
BRDA:429,52,0,0
BRDA:429,52,1,0
BRDA:435,53,0,0
BRDA:435,53,1,0
BRDA:438,54,0,0
BRDA:438,54,1,0
BRDA:438,55,0,0
BRDA:438,55,1,0
BRDA:441,56,0,0
BRDA:441,56,1,0
BRDA:450,57,0,0
BRDA:450,57,1,0
BRDA:473,58,0,0
BRDA:473,58,1,0
BRDA:477,59,0,0
BRDA:477,59,1,0
BRDA:486,60,0,0
BRDA:486,60,1,0
BRDA:494,61,0,0
BRDA:494,61,1,0
BRDA:500,62,0,0
BRDA:500,62,1,0
BRDA:505,63,0,0
BRDA:505,63,1,0
BRDA:505,64,0,0
BRDA:505,64,1,0
BRDA:508,65,0,0
BRDA:508,65,1,0
BRDA:517,66,0,0
BRDA:517,66,1,0
BRDA:540,67,0,0
BRDA:540,67,1,0
BRDA:544,68,0,0
BRDA:544,68,1,0
BRDA:553,69,0,0
BRDA:553,69,1,0
BRDA:562,70,0,0
BRDA:562,70,1,0
BRDA:568,71,0,0
BRDA:568,71,1,0
BRDA:573,72,0,0
BRDA:573,72,1,0
BRDA:573,73,0,0
BRDA:573,73,1,0
BRDA:576,74,0,0
BRDA:576,74,1,0
BRDA:585,75,0,0
BRDA:585,75,1,0
BRDA:607,76,0,0
BRDA:607,76,1,0
BRDA:611,77,0,0
BRDA:611,77,1,0
BRDA:620,78,0,0
BRDA:620,78,1,0
BRDA:629,79,0,0
BRDA:629,79,1,0
BRDA:635,80,0,0
BRDA:635,80,1,0
BRDA:656,81,0,0
BRDA:656,81,1,0
BRDA:660,82,0,0
BRDA:660,82,1,0
BRDA:669,83,0,0
BRDA:669,83,1,0
BRDA:677,84,0,0
BRDA:677,84,1,0
BRDA:683,85,0,0
BRDA:683,85,1,0
BRDA:685,86,0,0
BRDA:685,86,1,0
[...]
BRDA:54,1,0,0
BRDA:54,1,1,0
BRF:4
BRH:0
end_of_record
TN:
SF:services/portal/RoleService.js
FN:5,(anonymous_0)
FN:16,(anonymous_1)
FN:26,(anonymous_2)
FN:36,(anonymous_3)
FN:48,(anonymous_4)
FN:56,(anonymous_5)
FN:61,(anonymous_6)
FNF:7
FNH:0
FNDA:0,(anonymous_0)
FNDA:0,(anonymous_1)
FNDA:0,(anonymous_2)
FNDA:0,(anonymous_3)
FNDA:0,(anonymous_4)
FNDA:0,(anonymous_5)
FNDA:0,(anonymous_6)
DA:1,0
DA:6,0
DA:7,0
DA:8,0
DA:9,0
DA:11,0
DA:17,0
DA:18,0
DA:19,0
DA:21,0
DA:27,0
DA:28,0
DA:29,0
DA:31,0
DA:37,0
DA:38,0
DA:41,0
DA:43,0
DA:49,0
DA:50,0
DA:51,0
DA:53,0
DA:58,0
DA:63,0
DA:67,0
LF:25
LH:0
BRF:0
BRH:0
end_of_record
TN:
SF:services/portal/SchemeService.js
FN:4,(anonymous_0)
FN:32,(anonymous_1)
FN:57,(anonymous_2)
FN:61,(anonymous_3)
FN:65,(anonymous_4)
FN:69,(anonymous_5)
FNF:6
FNH:0
FNDA:0,(anonymous_0)
FNDA:0,(anonymous_1)
FNDA:0,(anonymous_2)
FNDA:0,(anonymous_3)
FNDA:0,(anonymous_4)
FNDA:0,(anonymous_5)
DA:1,0
DA:5,0
DA:6,0
DA:7,0
DA:21,0
DA:33,0
DA:53,0
DA:54,0
DA:58,0
DA:62,0
DA:66,0
DA:67,0
DA:69,0
DA:70,0
DA:71,0
DA:72,0
DA:75,0
DA:76,0
DA:77,0
DA:81,0
LF:20
LH:0
BRDA:4,0,0,0
BRDA:4,1,0,0
BRDA:4,2,0,0
BRDA:53,3,0,0
BRDA:53,3,1,0
BRDA:67,4,0,0
BRDA:67,4,1,0
BRDA:70,5,0,0
BRDA:70,5,1,0
BRF:9
BRH:0
end_of_record
TN:
SF:services/portal/SchoolLearningAreaService.js
FN:12,(anonymous_0)
FN:34,(anonymous_1)
FN:50,(anonymous_2)
FN:76,(anonymous_3)
FN:106,(anonymous_4)
FN:131,(anonymous_5)
FN:160,(anonymous_6)
FN:165,(anonymous_7)
FN:167,(anonymous_8)
FN:185,(anonymous_9)
FNF:10
FNH:0
FNDA:0,(anonymous_0)
FNDA:0,(anonymous_1)
FNDA:0,(anonymous_2)
FNDA:0,(anonymous_3)
FNDA:0,(anonymous_4)
FNDA:0,(anonymous_5)
FNDA:0,(anonymous_6)
FNDA:0,(anonymous_7)
FNDA:0,(anonymous_8)
FNDA:0,(anonymous_9)
DA:1,0
DA:2,0
DA:3,0
DA:13,0
DA:14,0
DA:15,0
DA:16,0
DA:19,0
DA:23,0
DA:24,0
DA:35,0
DA:36,0
DA:38,0
DA:39,0
DA:51,0
DA:53,0
DA:58,0
DA:59,0
DA:62,0
DA:64,0
DA:65,0
DA:77,0
DA:78,0
DA:83,0
DA:84,0
DA:87,0
DA:93,0
DA:95,0
DA:96,0
DA:107,0
DA:108,0
DA:113,0
DA:114,0
DA:117,0
DA:118,0
DA:120,0
DA:121,0
DA:132,0
DA:133,0
DA:138,0
DA:139,0
DA:142,0
DA:147,0
DA:149,0
DA:150,0
DA:161,0
DA:162,0
DA:163,0
DA:165,0
DA:166,0
DA:167,0
DA:170,0
DA:175,0
DA:176,0
DA:186,0
DA:187,0
DA:194,0
DA:202,0
DA:203,0
DA:208,0
LF:60
LH:0
BRDA:12,0,0,0
BRDA:15,1,0,0
BRDA:15,1,1,0
BRDA:34,2,0,0
BRDA:58,3,0,0
BRDA:58,3,1,0
BRDA:83,4,0,0
BRDA:83,4,1,0
BRDA:113,5,0,0
BRDA:113,5,1,0
BRDA:138,6,0,0
BRDA:138,6,1,0
BRDA:160,7,0,0
BRF:13
BRH:0
end_of_record
TN:
SF:services/portal/SchoolService.js
FN:5,(anonymous_0)
FN:39,(anonymous_1)
FN:127,(anonymous_2)
FN:155,(anonymous_3)
FN:168,(anonymous_4)
FN:178,(anonymous_5)
FN:187,(anonymous_6)
FN:193,(anonymous_7)
FN:206,(anonymous_8)
FN:231,(anonymous_9)
FN:242,(anonymous_10)
FN:250,(anonymous_11)
FNF:12
FNH:0
FNDA:0,(anonymous_0)
FNDA:0,(anonymous_1)
FNDA:0,(anonymous_2)
FNDA:0,(anonymous_3)
FNDA:0,(anonymous_4)
FNDA:0,(anonymous_5)
FNDA:0,(anonymous_6)
FNDA:0,(anonymous_7)
FNDA:0,(anonymous_8)
FNDA:0,(anonymous_9)
FNDA:0,(anonymous_10)
FNDA:0,(anonymous_11)
DA:1,0
DA:2,0
DA:6,0
DA:7,0
DA:8,0
DA:10,0
DA:18,0
DA:21,0
DA:24,0
DA:34,0
DA:35,0
DA:40,0
DA:41,0
DA:42,0
DA:44,0
DA:47,0
DA:109,0
DA:110,0
DA:112,0
DA:122,0
DA:123,0
DA:128,0
DA:129,0
DA:148,0
DA:150,0
DA:151,0
DA:156,0
DA:157,0
DA:158,0
DA:162,0
DA:164,0
DA:169,0
DA:170,0
DA:171,0
DA:172,0
DA:174,0
DA:179,0
DA:180,0
DA:181,0
DA:182,0
DA:186,0
DA:187,0
DA:188,0
DA:190,0
DA:191,0
DA:193,0
DA:194,0
DA:200,0
DA:201,0
DA:203,0
DA:204,0
DA:205,0
DA:206,0
DA:207,0
DA:213,0
DA:217,0
DA:221,0
DA:225,0
DA:231,0
DA:232,0
DA:235,0
DA:236,0
DA:238,0
DA:239,0
DA:243,0
DA:244,0
DA:245,0
DA:247,0
DA:251,0
DA:252,0
DA:253,0
DA:255,0
DA:260,0
LF:73
LH:0
BRDA:5,0,0,0
BRDA:5,1,0,0
BRDA:5,2,0,0
BRDA:39,3,0,0
BRDA:39,4,0,0
BRDA:39,5,0,0
BRDA:109,6,0,0
BRDA:109,6,1,0
BRDA:155,7,0,0
BRDA:155,8,0,0
BRDA:181,9,0,0
BRDA:181,9,1,0
BRDA:188,10,0,0
BRDA:188,10,1,0
BRDA:188,11,0,0
BRDA:188,11,1,0
BRDA:190,12,0,0
BRDA:190,12,1,0
BRDA:191,13,0,0
BRDA:191,13,1,0
BRDA:194,14,0,0
BRDA:194,14,1,0
BRDA:194,14,2,0
BRDA:194,14,3,0
BRDA:194,14,4,0
BRDA:201,15,0,0
BRDA:201,15,1,0
BRDA:205,16,0,0
BRDA:205,16,1,0
BRDA:207,17,0,0
BRDA:207,17,1,0
BRDA:207,17,2,0
BRDA:207,17,3,0
BRDA:207,17,4,0
BRF:34
BRH:0
end_of_record
TN:
SF:services/portal/StreamService.js
FN:5,(anonymous_0)
FN:38,(anonymous_1)
FN:50,(anonymous_2)
FN:58,(anonymous_3)
FN:66,(anonymous_4)
FN:74,(anonymous_5)
FN:82,(anonymous_6)
FN:93,(anonymous_7)
FN:101,(anonymous_8)
FN:109,(anonymous_9)
FNF:10
FNH:0
FNDA:0,(anonymous_0)
FNDA:0,(anonymous_1)
FNDA:0,(anonymous_2)
FNDA:0,(anonymous_3)
FNDA:0,(anonymous_4)
FNDA:0,(anonymous_5)
FNDA:0,(anonymous_6)
FNDA:0,(anonymous_7)
FNDA:0,(anonymous_8)
FNDA:0,(anonymous_9)
DA:1,0
DA:2,0
DA:6,0
DA:7,0
DA:10,0
DA:15,0
DA:17,0
DA:20,0
DA:23,0
DA:33,0
DA:34,0
DA:39,0
DA:40,0
DA:41,0
DA:45,0
DA:47,0
DA:51,0
DA:52,0
DA:53,0
DA:55,0
DA:59,0
DA:60,0
DA:61,0
DA:63,0
DA:67,0
DA:68,0
DA:69,0
DA:71,0
DA:75,0
DA:76,0
DA:77,0
DA:79,0
DA:83,0
DA:84,0
DA:85,0
DA:86,0
DA:88,0
DA:89,0
DA:94,0
DA:95,0
DA:96,0
DA:98,0
DA:102,0
DA:103,0
DA:104,0
DA:106,0
DA:110,0
DA:111,0
DA:114,0
DA:115,0
DA:117,0
DA:119,0
DA:121,0
DA:126,0
LF:54
LH:0
BRDA:5,0,0,0
BRDA:5,1,0,0
BRDA:5,2,0,0
BRDA:38,3,0,0
BRDA:38,4,0,0
BRDA:114,5,0,0
BRDA:114,5,1,0
BRF:7
BRH:0
end_of_record
TN:
SF:services/portal/Subscription.js
FN:11,(anonymous_0)
FN:58,(anonymous_1)
FN:113,(anonymous_2)
FN:155,(anonymous_3)
FN:232,(anonymous_4)
FN:285,(anonymous_5)
FN:356,(anonymous_6)
FN:368,(anonymous_7)
FN:373,(anonymous_8)
FNF:9
FNH:0
FNDA:0,(anonymous_0)
FNDA:0,(anonymous_1)
FNDA:0,(anonymous_2)
FNDA:0,(anonymous_3)
FNDA:0,(anonymous_4)
FNDA:0,(anonymous_5)
FNDA:0,(anonymous_6)
FNDA:0,(anonymous_7)
FNDA:0,(anonymous_8)
DA:1,0
DA:3,0
DA:4,0
DA:6,0
DA:7,0
DA:8,0
DA:12,0
DA:14,0
DA:20,0
DA:21,0
DA:25,0
DA:28,0
DA:35,0
DA:36,0
DA:40,0
DA:45,0
DA:46,0
DA:59,0
DA:60,0
DA:61,0
DA:64,0
DA:65,0
DA:70,0
DA:77,0
DA:80,0
DA:88,0
DA:99,0
DA:101,0
DA:114,0
DA:115,0
DA:116,0
DA:119,0
DA:124,0
DA:127,0
DA:138,0
DA:141,0
DA:143,0
DA:145,0
DA:146,0
DA:156,0
DA:157,0
DA:158,0
DA:171,0
DA:174,0
DA:184,0
DA:186,0
DA:187,0
DA:189,0
DA:190,0
DA:192,0
DA:194,0
DA:195,0
DA:233,0
DA:234,0
DA:237,0
DA:241,0
DA:242,0
DA:243,0
DA:246,0
DA:250,0
DA:251,0
DA:254,0
DA:255,0
DA:258,0
DA:266,0
DA:269,0
DA:277,0
DA:280,0
DA:281,0
DA:286,0
DA:287,0
DA:289,0
DA:291,0
DA:303,0
DA:306,0
DA:308,0
DA:309,0
DA:310,0
DA:314,0
DA:315,0
DA:319,0
DA:322,0
DA:323,0
DA:327,0
DA:328,0
DA:331,0
DA:338,0
DA:342,0
DA:345,0
DA:346,0
DA:348,0
DA:351,0
DA:352,0
DA:353,0
DA:357,0
DA:359,0
DA:361,0
DA:362,0
DA:366,0
DA:367,0
DA:368,0
DA:372,0
DA:373,0
DA:379,0
DA:387,0
DA:388,0
DA:392,0
LF:107
LH:0
BRDA:20,0,0,0
BRDA:20,0,1,0
BRDA:35,1,0,0
BRDA:35,1,1,0
BRDA:116,2,0,0
BRDA:116,2,1,0
BRDA:124,3,0,0
BRDA:124,3,1,0
BRDA:186,4,0,0
BRDA:186,4,1,0
BRDA:186,5,0,0
BRDA:186,5,1,0
BRDA:241,6,0,0
BRDA:241,6,1,0
BRDA:309,7,0,0
BRDA:309,7,1,0
BRDA:314,8,0,0
BRDA:314,8,1,0
BRDA:322,9,0,0
BRDA:322,9,1,0
BRDA:356,10,0,0
BRDA:356,11,0,0
BRDA:361,12,0,0
BRDA:361,12,1,0
BRDA:361,13,0,0
BRDA:361,13,1,0
BRF:26
BRH:0
end_of_record
TN:
SF:services/portal/SummativeAssessmentService.js
FN:14,(anonymous_0)
FN:18,(anonymous_1)
FN:32,(anonymous_2)
FN:48,(anonymous_3)
FN:700,(anonymous_4)
FN:718,(anonymous_5)
FN:742,(anonymous_6)
FN:746,(anonymous_7)
FN:755,(anonymous_8)
FN:769,(anonymous_9)
FN:774,(anonymous_10)
FN:788,(anonymous_11)
FN:805,(anonymous_12)
FN:807,(anonymous_13)
FN:841,(anonymous_14)
FN:844,(anonymous_15)
FN:889,(anonymous_16)
FN:1211,(anonymous_17)
FN:1226,(anonymous_18)
FN:1543,(anonymous_19)
FN:1562,(anonymous_20)
FN:1574,(anonymous_21)
FN:1588,(anonymous_22)
FN:1594,(anonymous_23)
FN:1604,(anonymous_24)
FN:1614,(anonymous_25)
FN:1620,(anonymous_26)
FN:1647,(anonymous_27)
FN:1674,(anonymous_28)
FN:1689,(anonymous_29)
FN:1706,(anonymous_30)
FN:1739,(anonymous_31)
FN:1747,(anonymous_32)
FN:1755,(anonymous_33)
FN:1772,(anonymous_34)
FN:1790,(anonymous_35)
FN:1878,(anonymous_36)
FN:2233,(anonymous_37)
FN:2239,(anonymous_38)
FN:2243,(anonymous_39)
FN:2260,(anonymous_40)
FNF:41
FNH:0
FNDA:0,(anonymous_0)
FNDA:0,(anonymous_1)
FNDA:0,(anonymous_2)
FNDA:0,(anonymous_3)
FNDA:0,(anonymous_4)
FNDA:0,(anonymous_5)
FNDA:0,(anonymous_6)
FNDA:0,(anonymous_7)
FNDA:0,(anonymous_8)
FNDA:0,(anonymous_9)
FNDA:0,(anonymous_10)
FNDA:0,(anonymous_11)
FNDA:0,(anonymous_12)
FNDA:0,(anonymous_13)
FNDA:0,(anonymous_14)
FNDA:0,(anonymous_15)
FNDA:0,(anonymous_16)
FNDA:0,(anonymous_17)
FNDA:0,(anonymous_18)
FNDA:0,(anonymous_19)
FNDA:0,(anonymous_20)
FNDA:0,(anonymous_21)
FNDA:0,(anonymous_22)
FNDA:0,(anonymous_23)
FNDA:0,(anonymous_24)
FNDA:0,(anonymous_25)
FNDA:0,(anonymous_26)
FNDA:0,(anonymous_27)
FNDA:0,(anonymous_28)
FNDA:0,(anonymous_29)
FNDA:0,(anonymous_30)
FNDA:0,(anonymous_31)
FNDA:0,(anonymous_32)
FNDA:0,(anonymous_33)
FNDA:0,(anonymous_34)
FNDA:0,(anonymous_35)
FNDA:0,(anonymous_36)
FNDA:0,(anonymous_37)
FNDA:0,(anonymous_38)
FNDA:0,(anonymous_39)
FNDA:0,(anonymous_40)
DA:1,0
DA:2,0
DA:3,0
DA:4,0
DA:6,0
DA:7,0
DA:8,0
DA:9,0
DA:10,0
DA:11,0
DA:15,0
DA:16,0
DA:18,0
DA:19,0
DA:20,0
DA:21,0
DA:22,0
DA:25,0
DA:26,0
DA:28,0
DA:30,0
DA:32,0
DA:33,0
DA:34,0
DA:36,0
DA:42,0
DA:44,0
DA:45,0
DA:49,0
DA:203,0
DA:596,0
DA:598,0
DA:599,0
DA:701,0
DA:703,0
DA:705,0
DA:710,0
DA:711,0
DA:714,0
DA:718,0
DA:721,0
DA:733,0
DA:735,0
DA:737,0
DA:738,0
DA:743,0
DA:744,0
DA:746,0
DA:747,0
DA:754,0
DA:755,0
DA:756,0
DA:757,0
DA:758,0
DA:760,0
DA:767,0
DA:768,0
DA:769,0
DA:770,0
DA:771,0
DA:773,0
DA:774,0
DA:775,0
DA:776,0
DA:777,0
DA:780,0
DA:782,0
DA:784,0
DA:785,0
DA:789,0
DA:791,0
DA:793,0
DA:795,0
DA:797,0
DA:799,0
DA:801,0
DA:806,0
DA:808,0
DA:809,0
DA:811,0
DA:812,0
DA:821,0
DA:828,0
DA:829,0
DA:837,0
DA:842,0
DA:843,0
DA:844,0
DA:845,0
DA:846,0
DA:850,0
DA:890,0
DA:892,0
DA:893,0
DA:895,0
DA:896,0
DA:901,0
DA:903,0
DA:907,0
DA:913,0
DA:914,0
DA:923,0
DA:1212,0
DA:1213,0
DA:1215,0
DA:1216,0
DA:1217,0
DA:1218,0
DA:1219,0
DA:1225,0
DA:1226,0
DA:1227,0
DA:1236,0
DA:1277,0
DA:1336,0
DA:1373,0
DA:1378,0
DA:1379,0
DA:1382,0
DA:1387,0
DA:1388,0
DA:1544,0
DA:1545,0
DA:1546,0
DA:1551,0
DA:1552,0
DA:1553,0
DA:1554,0
DA:1558,0
DA:1562,0
DA:1563,0
DA:1564,0
DA:1565,0
DA:1570,0
DA:1574,0
DA:1577,0
DA:1578,0
DA:1580,0
DA:1582,0
DA:1585,0
DA:1588,0
DA:1589,0
DA:1592,0
DA:1594,0
DA:1604,0
DA:1605,0
DA:1606,0
DA:1609,0
DA:1610,0
DA:1611,0
DA:1614,0
DA:1617,0
DA:1618,0
DA:1620,0
DA:1622,0
DA:1624,0
DA:1628,0
DA:1632,0
DA:1638,0
DA:1641,0
DA:1643,0
DA:1644,0
DA:1648,0
DA:1649,0
DA:1652,0
DA:1653,0
DA:1654,0
DA:1655,0
DA:1662,0
DA:1663,0
DA:1666,0
DA:1668,0
DA:1674,0
DA:1675,0
DA:1676,0
DA:1677,0
DA:1682,0
DA:1686,0
DA:1689,0
DA:1692,0
DA:1693,0
DA:1694,0
DA:1699,0
DA:1703,0
DA:1704,0
DA:1706,0
DA:1707,0
DA:1708,0
DA:1711,0
DA:1712,0
DA:1713,0
DA:1715,0
DA:1716,0
DA:1721,0
DA:1722,0
DA:1730,0
DA:1731,0
DA:1739,0
DA:1740,0
DA:1741,0
DA:1743,0
DA:1747,0
DA:1755,0
DA:1763,0
DA:1768,0
DA:1769,0
DA:1773,0
DA:1775,0
DA:1776,0
DA:1780,0
DA:1783,0
DA:1784,0
DA:1785,0
DA:1787,0
DA:1790,0
DA:1791,0
DA:1792,0
DA:1793,0
DA:1795,0
DA:1796,0
DA:1799,0
DA:1800,0
DA:1801,0
DA:1802,0
DA:1803,0
DA:1804,0
DA:1807,0
DA:1808,0
DA:1809,0
DA:1812,0
DA:1830,0
DA:1833,0
DA:1849,0
DA:1850,0
DA:1854,0
DA:1871,0
DA:1873,0
DA:1893,0
DA:1900,0
DA:2232,0
DA:2233,0
DA:2234,0
DA:2238,0
DA:2239,0
DA:2240,0
DA:2243,0
DA:2244,0
DA:2245,0
DA:2247,0
DA:2250,0
DA:2260,0
DA:2261,0
DA:2262,0
DA:2263,0
DA:2270,0
DA:2288,0
DA:2293,0
LF:257
LH:0
BRDA:20,0,0,0
BRDA:20,0,1,0
BRDA:39,1,0,0
BRDA:39,1,1,0
BRDA:710,2,0,0
BRDA:710,2,1,0
BRDA:711,3,0,0
BRDA:711,3,1,0
BRDA:742,4,0,0
BRDA:742,5,0,0
BRDA:748,6,0,0
BRDA:748,6,1,0
BRDA:748,6,2,0
BRDA:748,6,3,0
BRDA:757,7,0,0
BRDA:757,7,1,0
BRDA:775,8,0,0
BRDA:775,8,1,0
BRDA:780,9,0,0
BRDA:780,9,1,0
BRDA:789,10,0,0
BRDA:789,10,1,0
BRDA:789,10,2,0
BRDA:789,10,3,0
BRDA:789,10,4,0
BRDA:789,10,5,0
BRDA:812,11,0,0
BRDA:812,11,1,0
BRDA:813,12,0,0
BRDA:813,12,1,0
BRDA:843,13,0,0
BRDA:843,13,1,0
BRDA:846,14,0,0
BRDA:846,14,1,0
BRDA:895,15,0,0
BRDA:895,15,1,0
BRDA:903,16,0,0
BRDA:903,16,1,0
BRDA:1218,17,0,0
BRDA:1218,17,1,0
BRDA:1552,18,0,0
BRDA:1552,18,1,0
BRDA:1563,19,0,0
BRDA:1563,19,1,0
BRDA:1577,20,0,0
BRDA:1577,20,1,0
BRDA:1596,21,0,0
BRDA:1596,21,1,0
BRDA:1610,22,0,0
BRDA:1610,22,1,0
BRDA:1618,23,0,0
BRDA:1618,23,1,0
BRDA:1622,24,0,0
BRDA:1622,24,1,0
BRDA:1653,25,0,0
BRDA:1653,25,1,0
BRDA:1675,26,0,0
BRDA:1675,26,1,0
BRDA:1692,27,0,0
BRDA:1692,27,1,0
BRDA:1715,28,0,0
BRDA:1715,28,1,0
BRDA:1721,29,0,0
BRDA:1721,29,1,0
BRDA:1730,30,0,0
BRDA:1730,30,1,0
BRDA:1740,31,0,0
BRDA:1740,31,1,0
BRDA:1775,32,0,0
BRDA:1775,32,1,0
BRDA:1775,33,0,0
BRDA:1775,33,1,0
BRDA:1784,34,0,0
BRDA:1784,34,1,0
BRDA:1791,35,0,0
BRDA:1791,35,1,0
BRDA:1791,36,0,0
BRDA:1791,36,1,0
BRDA:1800,37,0,0
BRDA:1800,37,1,0
BRDA:1807,38,0,0
BRDA:1807,38,1,0
BRDA:1808,39,0,0
BRDA:1808,39,1,0
BRDA:1809,40,0,0
BRDA:1809,40,1,0
BRDA:1849,41,0,0
BRDA:1849,41,1,0
BRDA:1905,42,0,0
BRDA:1905,42,1,0
BRDA:1906,43,0,0
BRDA:1906,43,1,0
BRDA:1907,44,0,0
BRDA:1907,44,1,0
BRDA:1913,45,0,0
BRDA:1913,45,1,0
BRDA:1914,46,0,0
BRDA:1914,46,1,0
BRDA:1914,47,0,0
BRDA:1914,47,1,0
BRDA:1920,48,0,0
BRDA:1920,48,1,0
BRDA:1921,49,0,0
BRDA:1921,49,1,0
BRDA:1921,50,0,0
BRDA:1921,50,1,0
BRDA:2197,51,0,0
BRDA:2197,51,1,0
BRDA:2202,52,0,0
BRDA:2202,52,1,0
BRDA:2203,53,0,0
BRDA:2203,53,1,0
BRDA:2214,54,0,0
BRDA:2214,54,1,0
BRDA:2218,55,0,0
BRDA:2218,55,1,0
BRDA:2221,56,0,0
BRDA:2221,56,1,0
BRDA:2224,57,0,0
BRDA:2224,57,1,0
BRDA:2232,58,0,0
BRDA:2232,58,1,0
BRDA:2232,59,0,0
BRDA:2232,59,1,0
BRDA:2242,60,0,0
BRDA:2242,60,1,0
BRDA:2244,61,0,0
BRDA:2244,61,1,0
BRDA:2245,62,0,0
BRDA:2245,62,1,0
BRDA:2245,63,0,0
BRDA:2245,63,1,0
BRDA:2261,64,0,0
BRDA:2261,64,1,0
BRDA:2275,65,0,0
BRDA:2275,65,1,0
BRF:136
BRH:0
end_of_record
TN:
SF:services/portal/TeachersService.js
FN:5,(anonymous_0)
FN:42,(anonymous_1)
FN:59,(anonymous_2)
FN:71,(anonymous_3)
FN:81,(anonymous_4)
FN:92,(anonymous_5)
FN:101,(anonymous_6)
FNF:7
FNH:0
FNDA:0,(anonymous_0)
FNDA:0,(anonymous_1)
FNDA:0,(anonymous_2)
FNDA:0,(anonymous_3)
FNDA:0,(anonymous_4)
FNDA:0,(anonymous_5)
FNDA:0,(anonymous_6)
DA:1,0
DA:2,0
DA:3,0
DA:6,0
DA:7,0
DA:9,0
DA:11,0
DA:12,0
DA:14,0
DA:21,0
DA:24,0
DA:27,0
DA:37,0
DA:38,0
DA:43,0
DA:44,0
DA:45,0
DA:53,0
DA:55,0
DA:60,0
DA:61,0
DA:62,0
DA:63,0
DA:65,0
DA:66,0
DA:67,0
DA:68,0
DA:72,0
DA:73,0
DA:74,0
DA:75,0
DA:77,0
DA:78,0
DA:82,0
DA:83,0
DA:84,0
DA:85,0
DA:87,0
DA:88,0
DA:93,0
DA:94,0
DA:95,0
DA:97,0
DA:102,0
DA:103,0
DA:104,0
DA:107,0
DA:108,0
DA:109,0
DA:113,0
DA:116,0
DA:119,0
DA:120,0
DA:123,0
DA:124,0
DA:126,0
DA:131,0
LF:57
LH:0
BRDA:5,0,0,0
BRDA:5,1,0,0
BRDA:5,2,0,0
BRDA:11,3,0,0
BRDA:11,3,1,0
BRDA:11,4,0,0
BRDA:11,4,1,0
BRDA:42,5,0,0
BRDA:42,6,0,0
BRDA:108,7,0,0
BRDA:108,7,1,0
BRF:11
BRH:0
end_of_record
TN:
SF:services/portal/TermService.js
FN:4,(anonymous_0)
FN:28,(anonymous_1)
FN:41,(anonymous_2)
FN:50,(anonymous_3)
FN:60,(anonymous_4)
FN:77,(anonymous_5)
FN:85,(anonymous_6)
FN:94,(anonymous_7)
FNF:8
FNH:0
FNDA:0,(anonymous_0)
FNDA:0,(anonymous_1)
FNDA:0,(anonymous_2)
FNDA:0,(anonymous_3)
FNDA:0,(anonymous_4)
FNDA:0,(anonymous_5)
FNDA:0,(anonymous_6)
FNDA:0,(anonymous_7)
DA:1,0
DA:5,0
DA:6,0
DA:7,0
DA:8,0
DA:11,0
DA:14,0
DA:24,0
DA:25,0
DA:29,0
DA:30,0
DA:31,0
DA:35,0
DA:37,0
DA:42,0
DA:43,0
DA:44,0
DA:45,0
DA:47,0
DA:51,0
DA:52,0
DA:55,0
DA:57,0
DA:61,0
DA:62,0
DA:63,0
DA:71,0
DA:73,0
DA:78,0
DA:79,0
DA:80,0
DA:82,0
DA:86,0
DA:87,0
DA:88,0
DA:90,0
DA:91,0
DA:95,0
DA:96,0
DA:97,0
DA:99,0
DA:104,0
LF:42
LH:0
BRDA:4,0,0,0
BRDA:4,1,0,0
BRDA:4,2,0,0
BRDA:28,3,0,0
BRDA:28,4,0,0
BRF:5
BRH:0
end_of_record
TN:
SF:services/portal/TestService.js
FN:5,(anonymous_0)
FN:14,(anonymous_1)
FN:45,(anonymous_2)
FN:53,(anonymous_3)
FN:60,(anonymous_4)
FN:67,(anonymous_5)
FN:76,(anonymous_6)
FN:87,(anonymous_7)
FNF:8
FNH:0
FNDA:0,(anonymous_0)
FNDA:0,(anonymous_1)
FNDA:0,(anonymous_2)
FNDA:0,(anonymous_3)
FNDA:0,(anonymous_4)
FNDA:0,(anonymous_5)
FNDA:0,(anonymous_6)
FNDA:0,(anonymous_7)
DA:1,0
DA:2,0
DA:6,0
DA:7,0
DA:8,0
DA:9,0
DA:11,0
DA:15,0
DA:17,0
DA:18,0
DA:22,0
DA:23,0
DA:24,0
DA:27,0
DA:28,0
DA:29,0
DA:32,0
DA:35,0
DA:40,0
DA:42,0
DA:46,0
DA:47,0
DA:49,0
DA:54,0
DA:55,0
DA:57,0
DA:61,0
DA:62,0
DA:64,0
DA:68,0
DA:70,0
DA:72,0
DA:77,0
DA:78,0
DA:79,0
DA:80,0
DA:82,0
DA:84,0
DA:88,0
DA:89,0
DA:91,0
DA:92,0
DA:94,0
DA:96,0
DA:101,0
LF:45
LH:0
BRDA:17,0,0,0
BRDA:17,0,1,0
BRDA:23,1,0,0
BRDA:23,1,1,0
BRDA:28,2,0,0
BRDA:28,2,1,0
BRDA:40,3,0,0
BRDA:40,3,1,0
BRDA:45,4,0,0
BRDA:79,5,0,0
BRDA:79,5,1,0
BRDA:91,6,0,0
BRDA:91,6,1,0
BRF:13
BRH:0
end_of_record
TN:
SF:services/portal/UserService.js
FN:8,(anonymous_0)
FN:43,(anonymous_1)
FN:46,(anonymous_2)
FN:86,(anonymous_3)
FN:98,(anonymous_4)
FN:112,(anonymous_5)
FN:123,(anonymous_6)
FN:167,(anonymous_7)
FN:218,(anonymous_8)
FN:271,(anonymous_9)
FN:324,(anonymous_10)
FNF:11
FNH:0
FNDA:0,(anonymous_0)
FNDA:0,(anonymous_1)
FNDA:0,(anonymous_2)
FNDA:0,(anonymous_3)
FNDA:0,(anonymous_4)
FNDA:0,(anonymous_5)
FNDA:0,(anonymous_6)
FNDA:0,(anonymous_7)
FNDA:0,(anonymous_8)
FNDA:0,(anonymous_9)
FNDA:0,(anonymous_10)
DA:1,0
DA:2,0
DA:3,0
DA:4,0
DA:5,0
DA:9,0
DA:11,0
DA:13,0
DA:14,0
DA:15,0
DA:18,0
DA:20,0
DA:36,0
DA:37,0
DA:39,0
DA:40,0
DA:44,0
DA:47,0
DA:49,0
DA:51,0
DA:52,0
DA:53,0
DA:56,0
DA:58,0
DA:79,0
DA:80,0
DA:82,0
DA:83,0
DA:87,0
DA:88,0
DA:89,0
DA:90,0
DA:92,0
DA:94,0
DA:99,0
DA:100,0
DA:103,0
DA:104,0
DA:106,0
DA:108,0
DA:113,0
DA:114,0
DA:115,0
DA:116,0
DA:118,0
DA:120,0
DA:124,0
DA:125,0
DA:129,0
DA:131,0
DA:168,0
DA:170,0
DA:171,0
DA:172,0
DA:175,0
DA:178,0
DA:180,0
DA:183,0
DA:208,0
DA:209,0
DA:211,0
DA:213,0
DA:215,0
DA:219,0
DA:221,0
DA:222,0
DA:223,0
DA:226,0
DA:229,0
DA:231,0
DA:234,0
DA:257,0
DA:259,0
DA:261,0
DA:262,0
DA:264,0
DA:266,0
DA:268,0
DA:272,0
DA:274,0
DA:275,0
DA:276,0
DA:277,0
DA:280,0
DA:283,0
DA:285,0
DA:288,0
DA:313,0
DA:314,0
DA:316,0
DA:318,0
DA:320,0
DA:325,0
DA:326,0
DA:327,0
DA:329,0
DA:330,0
DA:331,0
DA:333,0
DA:335,0
DA:336,0
DA:337,0
DA:340,0
DA:341,0
DA:348,0
DA:350,0
DA:355,0
LF:107
LH:0
BRDA:14,0,0,0
BRDA:14,0,1,0
BRDA:52,1,0,0
BRDA:52,1,1,0
BRDA:89,2,0,0
BRDA:89,2,1,0
BRDA:103,3,0,0
BRDA:103,3,1,0
BRDA:115,4,0,0
BRDA:115,4,1,0
BRDA:171,5,0,0
BRDA:171,5,1,0
BRDA:222,6,0,0
BRDA:222,6,1,0
BRDA:276,7,0,0
BRDA:276,7,1,0
BRDA:330,8,0,0
BRDA:330,8,1,0
BRF:18
BRH:0
end_of_record
TN:
SF:services/portal/WorkflowService.js
FN:4,(anonymous_0)
FN:15,(anonymous_1)
FN:28,(anonymous_2)
FN:36,(anonymous_3)
FN:46,(anonymous_4)
FN:63,(anonymous_5)
FNF:6
FNH:0
FNDA:0,(anonymous_0)
FNDA:0,(anonymous_1)
FNDA:0,(anonymous_2)
FNDA:0,(anonymous_3)
FNDA:0,(anonymous_4)
FNDA:0,(anonymous_5)
DA:1,0
DA:3,0
DA:5,0
DA:6,0
DA:9,0
DA:11,0
DA:16,0
DA:17,0
DA:20,0
DA:21,0
DA:23,0
DA:25,0
DA:29,0
DA:33,0
DA:37,0
DA:38,0
DA:39,0
DA:40,0
DA:42,0
DA:47,0
DA:48,0
DA:54,0
DA:55,0
DA:57,0
DA:59,0
DA:64,0
DA:65,0
DA:66,0
DA:67,0
DA:69,0
DA:71,0
DA:76,0
LF:32
LH:0
BRDA:20,0,0,0
BRDA:20,0,1,0
BRDA:54,1,0,0
BRDA:54,1,1,0
BRDA:66,2,0,0
BRDA:66,2,1,0
BRF:6
BRH:0
end_of_record
TN:
SF:services/portal/fees/FeeManagementService.js
FN:3,(anonymous_0)
FN:8,(anonymous_1)
FN:19,(anonymous_2)
FN:27,(anonymous_3)
FN:35,(anonymous_4)
FN:44,(anonymous_5)
FN:49,(anonymous_6)
FN:79,(anonymous_7)
FNF:8
FNH:8
FNDA:3,(anonymous_0)
FNDA:4,(anonymous_1)
FNDA:11,(anonymous_2)
FNDA:11,(anonymous_3)
FNDA:4,(anonymous_4)
FNDA:3,(anonymous_5)
FNDA:2,(anonymous_6)
FNDA:2,(anonymous_7)
DA:4,3
DA:9,4
DA:10,2
DA:12,2
DA:13,2
DA:14,2
DA:20,11
DA:21,11
DA:22,11
DA:23,11
DA:28,11
DA:29,11
DA:30,11
DA:31,11
DA:36,4
DA:37,2
DA:39,2
DA:45,3
DA:50,2
DA:52,2
DA:53,1
DA:56,2
DA:57,0
DA:60,2
DA:61,1
DA:64,2
DA:65,1
DA:68,2
DA:69,1
DA:72,2
DA:80,2
DA:82,2
DA:83,1
DA:86,2
DA:87,1
DA:90,2
DA:91,1
DA:94,2
DA:101,1
LF:39
LH:38
BRDA:9,0,0,2
BRDA:9,0,1,2
BRDA:14,1,0,1
BRDA:14,1,1,1
BRDA:36,2,0,2
BRDA:36,2,1,2
BRDA:52,3,0,1
BRDA:52,3,1,1
BRDA:52,4,0,2
BRDA:52,4,1,1
BRDA:56,5,0,0
BRDA:56,5,1,2
BRDA:56,6,0,2
BRDA:56,6,1,2
BRDA:60,7,0,1
BRDA:60,7,1,1
BRDA:60,8,0,2
BRDA:60,8,1,2
BRDA:64,9,0,1
BRDA:64,9,1,1
BRDA:68,10,0,1
BRDA:68,10,1,1
BRDA:68,11,0,2
BRDA:68,11,1,2
BRDA:82,12,0,1
BRDA:82,12,1,1
BRDA:86,13,0,1
BRDA:86,13,1,1
BRDA:90,14,0,1
BRDA:90,14,1,1
BRDA:90,15,0,2
BRDA:90,15,1,2
BRF:32
BRH:31
end_of_record
